2025-05-05 16:16:011 INFO  LogUtil:64 - TD-RLS TR1
2025-05-05 16:16:011 INFO  Config:438 - static init: found from: fortress.properties path: /C:/Users/Guest1/Downloads/JDK1-7-0-80-20250426T213732Z-001/JDK1-7-0-80/ArchNav-070218%20(with%20Instructions)/itp/fortress-core-2.0.0-RC1/target/test-classes/fortress.properties
2025-05-05 16:16:011 INFO  Config:440 - static init: loading from: fortress.properties
2025-05-05 16:16:011 INFO  Config:591 - static init: load config realm [DEFAULT]
2025-05-05 16:16:011 INFO  ConfigDAO:268 - getConfig dn [cn=DEFAULT,ou=Config,dc=example,dc=com]
2025-05-05 16:16:011 INFO  LdapConnectionProvider:145 - LDAP POOL:  host=[localhost], port=[389], min=[1], max=[10]
2025-05-05 16:16:011 INFO  DefaultLdapCodecService:109 - Registered pre-bundled control factory: 1.3.6.1.4.1.18060.0.0.1
2025-05-05 16:16:011 INFO  DefaultLdapCodecService:113 - Registered pre-bundled control factory: 2.16.840.1.113730.3.4.7
2025-05-05 16:16:011 INFO  DefaultLdapCodecService:117 - Registered pre-bundled control factory: 2.16.840.1.113730.3.4.2
2025-05-05 16:16:011 INFO  DefaultLdapCodecService:121 - Registered pre-bundled control factory: 2.16.840.1.113730.3.4.18
2025-05-05 16:16:011 INFO  DefaultLdapCodecService:125 - Registered pre-bundled control factory: 1.2.840.113556.1.4.319
2025-05-05 16:16:011 INFO  DefaultLdapCodecService:129 - Registered pre-bundled control factory: 2.16.840.1.113730.3.4.3
2025-05-05 16:16:011 INFO  DefaultLdapCodecService:133 - Registered pre-bundled control factory: 1.3.6.1.4.1.4203.1.10.1
2025-05-05 16:16:011 INFO  CodecFactoryUtil:105 - Registered pre-bundled control factory: 1.3.6.1.4.1.18060.0.0.1
2025-05-05 16:16:011 INFO  CodecFactoryUtil:109 - Registered pre-bundled control factory: 2.16.840.1.113730.3.4.7
2025-05-05 16:16:011 INFO  CodecFactoryUtil:113 - Registered pre-bundled control factory: 2.16.840.1.113730.3.4.2
2025-05-05 16:16:011 INFO  CodecFactoryUtil:117 - Registered pre-bundled control factory: 2.16.840.1.113730.3.4.18
2025-05-05 16:16:011 INFO  CodecFactoryUtil:121 - Registered pre-bundled control factory: 1.2.840.113556.1.4.319
2025-05-05 16:16:011 INFO  CodecFactoryUtil:125 - Registered pre-bundled control factory: 2.16.840.1.113730.3.4.3
2025-05-05 16:16:011 INFO  CodecFactoryUtil:129 - Registered pre-bundled control factory: 1.3.6.1.4.1.4203.1.10.1
2025-05-05 16:16:011 INFO  CodecFactoryUtil:133 - Registered pre-bundled control factory: 1.3.6.1.4.1.42.2.27.8.5.1
2025-05-05 16:16:011 INFO  CodecFactoryUtil:138 - Registered pre-bundled control factory: 2.16.840.1.113730.3.4.9
2025-05-05 16:16:011 INFO  CodecFactoryUtil:143 - Registered pre-bundled control factory: 2.16.840.1.113730.3.4.10
2025-05-05 16:16:011 INFO  CodecFactoryUtil:147 - Registered pre-bundled control factory: 1.3.6.1.4.1.4203.1.9.1.3
2025-05-05 16:16:011 INFO  CodecFactoryUtil:151 - Registered pre-bundled control factory: 1.3.6.1.4.1.4203.1.9.1.4
2025-05-05 16:16:011 INFO  CodecFactoryUtil:155 - Registered pre-bundled control factory: 1.3.6.1.4.1.4203.1.9.1.1
2025-05-05 16:16:011 INFO  CodecFactoryUtil:159 - Registered pre-bundled control factory: 1.3.6.1.4.1.4203.1.9.1.2
2025-05-05 16:16:011 INFO  CodecFactoryUtil:163 - Registered pre-bundled control factory: 1.2.840.113556.1.4.473
2025-05-05 16:16:011 INFO  CodecFactoryUtil:167 - Registered pre-bundled control factory: 1.2.840.113556.1.4.474
2025-05-05 16:16:011 INFO  CodecFactoryUtil:171 - Registered pre-bundled control factory: 1.2.840.113556.1.4.841
2025-05-05 16:16:011 INFO  CodecFactoryUtil:175 - Registered pre-bundled control factory: 1.2.840.113556.1.4.417
2025-05-05 16:16:011 INFO  CodecFactoryUtil:179 - Registered pre-bundled control factory: 1.2.840.113556.1.4.1413
2025-05-05 16:16:011 INFO  CodecFactoryUtil:183 - Registered pre-bundled control factory: 1.2.840.113556.1.4.528
2025-05-05 16:16:011 INFO  CodecFactoryUtil:192 - Registered pre-bundled extended operation factory: 1.3.6.1.1.8
2025-05-05 16:16:011 INFO  CodecFactoryUtil:196 - Registered pre-bundled extended operation factory: 1.3.6.1.4.1.18060.0.1.8
2025-05-05 16:16:011 INFO  CodecFactoryUtil:200 - Registered pre-bundled extended operation factory: 1.3.6.1.4.1.18060.0.1.3
2025-05-05 16:16:011 INFO  CodecFactoryUtil:204 - Registered pre-bundled extended operation factory: 1.3.6.1.4.1.18060.0.1.6
2025-05-05 16:16:011 INFO  CodecFactoryUtil:208 - Registered pre-bundled extended operation factory: 1.3.6.1.4.1.18060.0.1.5
2025-05-05 16:16:011 INFO  CodecFactoryUtil:212 - Registered pre-bundled extended operation factory: 1.3.6.1.4.1.4203.1.11.1
2025-05-05 16:16:011 INFO  CodecFactoryUtil:216 - Registered pre-bundled extended operation factory: 1.3.6.1.4.1.4203.1.11.3
2025-05-05 16:16:011 INFO  CodecFactoryUtil:220 - Registered pre-bundled extended operation factory: 1.3.6.1.4.1.1466.20037
2025-05-05 16:16:011 INFO  StandaloneLdapApiService:354 - Registered pre-bundled extended operation factory: 1.3.6.1.4.1.4203.555.1
2025-05-05 16:16:011 INFO  StandaloneLdapApiService:354 - Registered pre-bundled extended operation factory: 1.3.6.1.4.1.4203.555.2
2025-05-05 16:16:011 INFO  StandaloneLdapApiService:354 - Registered pre-bundled extended operation factory: 1.3.6.1.4.1.4203.555.3
2025-05-05 16:16:011 INFO  StandaloneLdapApiService:354 - Registered pre-bundled extended operation factory: 1.3.6.1.4.1.4203.555.4
2025-05-05 16:16:011 INFO  StandaloneLdapApiService:354 - Registered pre-bundled extended operation factory: 1.3.6.1.4.1.4203.555.5
2025-05-05 16:16:011 INFO  StandaloneLdapApiService:354 - Registered pre-bundled extended operation factory: 1.3.6.1.4.1.4203.555.6
2025-05-05 16:16:011 INFO  ReviewMgrImplTest:436 - .teardownRequired:false
2025-05-05 16:16:011 INFO  LogUtil:64 - LOAD-ADMIN AROLES_SUPER
2025-05-05 16:16:011 INFO  AdminRoleUtil:251 - loadGraph initializing ADMIN ROLE context [HOME]
2025-05-05 16:16:011 INFO  DelegatedMgrImplTest:213 - .loadAdminRequired:false
2025-05-05 16:16:011 INFO  LogUtil:64 - ADD PLCY BASE
2025-05-05 16:16:011 ERROR DelegatedMgrImplTest:2084 -  static initializer caught SecurityException rc=1005, msg=getUser userId [jtsTestAdminUser] not found, Fortress rc=1005
2025-05-05 16:16:011 INFO  LogUtil:64 - ADD-USRS TU0
2025-05-05 16:16:011 INFO  LogUtil:64 - ASGN-USRS TU0 SUPER
2025-05-05 16:16:011 INFO  RoleUtil:360 - loadGraph initializing ROLE context [HOME]
2025-05-05 16:16:011 INFO  LogUtil:64 - ADD ORGS_TO1
2025-05-05 16:16:012 INFO  LogUtil:64 - ADD ORGS_USR_TO2
2025-05-05 16:16:012 INFO  LogUtil:64 - ADD ORGS_ORGS_PRM_TO3
2025-05-05 16:16:012 INFO  LogUtil:64 - ADD ORGS_PRM_TO4
2025-05-05 16:16:013 INFO  LogUtil:64 - ADD ORGS_USR_TO5
2025-05-05 16:16:013 INFO  LogUtil:64 - ADD ORGS_PRM_TO5
2025-05-05 16:16:013 INFO  LogUtil:64 - ADD ORGS_DEV1
2025-05-05 16:16:013 INFO  LogUtil:64 - ADD ORGS_APP1
2025-05-05 16:16:013 INFO  LogUtil:64 - UPD ORGS_TO1
2025-05-05 16:16:014 INFO  LogUtil:64 - UPD ORGS_PRM_TO3
2025-05-05 16:16:014 INFO  LogUtil:64 - ADD-INHERIT ORGS_USR_TO2
2025-05-05 16:16:014 INFO  UsoUtil:249 - loadGraph initializing USO context [HOME]
2025-05-05 16:16:014 INFO  LogUtil:64 - ADD-INHERIT ORGS_PRM_TO4
2025-05-05 16:16:014 INFO  PsoUtil:248 - loadGraph initializing PSO context [HOME]
2025-05-05 16:16:014 INFO  LogUtil:64 - ADD-INHERIT ORGS_USR_TO5
2025-05-05 16:16:014 INFO  LogUtil:64 - ADD-INHERIT ORGS_PRM_TO5
2025-05-05 16:16:014 INFO  LogUtil:64 - ADD ORGS-USR-TO6-DESC
2025-05-05 16:16:015 INFO  LogUtil:64 - ADD ORGS-PRM-TO6-DESC
2025-05-05 16:16:015 INFO  LogUtil:64 - ADD-ORGS-USR-TR7-ASC
2025-05-05 16:16:015 INFO  LogUtil:64 - ADD-ORGS-PRM-TR7-ASC
2025-05-05 16:16:015 INFO  LogUtil:64 - ADD-RLS ROLES_TR14_ARBAC
2025-05-05 16:16:016 INFO  LogUtil:64 - ADD-INHERIT-RLS ROLES_TR14_ARBAC
2025-05-05 16:16:016 INFO  LogUtil:64 - ADD-RLS ROLES_TR15_ARBAC
2025-05-05 16:16:016 INFO  LogUtil:64 - ADD-INHERIT-RLS ROLES_TR15_ARBAC
2025-05-05 16:16:016 INFO  LogUtil:64 - ADD-ADMRLS TR1
2025-05-05 16:16:017 INFO  LogUtil:64 - ADD-ADMRLS TR2
2025-05-05 16:16:017 INFO  LogUtil:64 - ADD-ADMRLS TR3
2025-05-05 16:16:017 INFO  LogUtil:64 - ADD-ADMRLS TR6
2025-05-05 16:16:017 INFO  LogUtil:64 - UPD-ADMRLS TR3_UPD
2025-05-05 16:16:017 INFO  LogUtil:64 - ADD-ARLS-TR5-DESC
2025-05-05 16:16:017 INFO  LogUtil:64 - ADD-ARLS-TR4-ASC
2025-05-05 16:16:018 INFO  LogUtil:64 - ADD-ARLS-TR6-HIER
2025-05-05 16:16:018 INFO  LogUtil:64 - ADD-USRS TU16_ARBAC
2025-05-05 16:16:018 INFO  LogUtil:64 - ADD-USRS TU16B_ARBAC
2025-05-05 16:16:018 INFO  LogUtil:64 - ADD-USRS TU16A_ARBAC
2025-05-05 16:16:018 INFO  LogUtil:64 - ADD-USRS TU16U_ARBAC
2025-05-05 16:16:019 INFO  LogUtil:64 - ADD-OBS TOB5
2025-05-05 16:16:019 INFO  LogUtil:64 - ADD-OBS ARBAC1
2025-05-05 16:16:019 INFO  LogUtil:64 - ADD-OPS ARBAC1
2025-05-05 16:16:019 INFO  LogUtil:64 - ADD-OBS ARBAC2
2025-05-05 16:16:019 INFO  LogUtil:64 - ADD-OPS ARBAC2
2025-05-05 16:16:021 INFO  LogUtil:64 - ASGN-USRS TU16 TR1
2025-05-05 16:16:025 INFO  LogUtil:64 - ASGN-USR TU17A TR2
2025-05-05 16:16:025 INFO  LogUtil:64 - GRNT-APRMS ARTR2 AROBJ1 AROPS1
2025-05-05 16:16:027 INFO  LogUtil:64 - ADD-RLS TR1
2025-05-05 16:16:027 INFO  LogUtil:64 - ADD-RLS TR2
2025-05-05 16:16:027 INFO  LogUtil:64 - ADD-RLS TR3
2025-05-05 16:16:028 INFO  LogUtil:64 - ADD-RLS TR4
2025-05-05 16:16:028 INFO  LogUtil:64 - ADD-RLS ROLES_TR5_HIER
2025-05-05 16:16:028 INFO  LogUtil:64 - ADD-RLS ROLES_TR5B
2025-05-05 16:16:029 INFO  LogUtil:64 - ADD-RLS ROLES_TR8_SSD
2025-05-05 16:16:029 INFO  LogUtil:64 - ADD-RLS ROLES_TR9_SSD
2025-05-05 16:16:029 INFO  LogUtil:64 - ADD-RLS ROLES_TR10_SSD
2025-05-05 16:16:030 INFO  LogUtil:64 - ADD-RLS ROLES_TR8_DSD
2025-05-05 16:16:030 INFO  LogUtil:64 - ADD-RLS ROLES_TR9_DSD
2025-05-05 16:16:030 INFO  LogUtil:64 - ADD-RLS ROLES_TR10_DSD
2025-05-05 16:16:030 INFO  LogUtil:64 - ADD-RLS ROLES_TR16_SD
2025-05-05 16:16:031 INFO  LogUtil:64 - ADD-RLS ROLES_TR17_DSD_BRUNO
2025-05-05 16:16:031 INFO  LogUtil:64 - ADD-INHERIT-RLS ROLES_TR5_HIER
2025-05-05 16:16:031 INFO  LogUtil:64 - ADD-INHERIT-RLS ROLES_TR5B
2025-05-05 16:16:031 INFO  LogUtil:64 - ADD-RLS-TR6-DESC
2025-05-05 16:16:031 INFO  LogUtil:64 - ADD-RLS-TR11-DESC-SSD
2025-05-05 16:16:031 INFO  LogUtil:64 - ADD-RLS-TR12-DESC-SSD
2025-05-05 16:16:032 INFO  LogUtil:64 - ADD-RLS-TR13-DESC-SSD
2025-05-05 16:16:032 INFO  LogUtil:64 - ADD-RLS-TR11-DESC-DSD
2025-05-05 16:16:032 INFO  LogUtil:64 - ADD-RLS-TR12-DESC-DSD
2025-05-05 16:16:033 INFO  LogUtil:64 - ADD-RLS-TR13-DESC-DSD
2025-05-05 16:16:033 INFO  LogUtil:64 - ADD-RLS-TR7-ASC
2025-05-05 16:16:034 INFO  LogUtil:64 - ADD-SSD T1
2025-05-05 16:16:034 INFO  LogUtil:64 - ADD-SSD T4
2025-05-05 16:16:034 INFO  LogUtil:64 - ADD-SSD T5
2025-05-05 16:16:034 INFO  LogUtil:64 - ADD-SSD T6
2025-05-05 16:16:034 INFO  LogUtil:64 - ADD-DSD T1
2025-05-05 16:16:034 INFO  LogUtil:64 - ADD-DSD T4
2025-05-05 16:16:034 INFO  LogUtil:64 - ADD-DSD T5
2025-05-05 16:16:034 INFO  LogUtil:64 - ADD-DSD T6
2025-05-05 16:16:034 INFO  LogUtil:64 - ADD-DSD T8 BRUNO
2025-05-05 16:16:034 INFO  LogUtil:64 - ADD-MEM-SSD T2 TR9
2025-05-05 16:16:035 INFO  LogUtil:64 - ADD-MEM-SSD T3 TR10
2025-05-05 16:16:035 INFO  LogUtil:64 - ADD-MEM-DSD T2 TR9
2025-05-05 16:16:035 INFO  LogUtil:64 - ADD-MEM-DSD T3 TR10
2025-05-05 16:16:035 INFO  LogUtil:64 - CARD-SSD T7 TR16
2025-05-05 16:16:037 INFO  LogUtil:64 - CARD-DSD T7 TR16
2025-05-05 16:16:040 INFO  LogUtil:64 - UPD-RLS TR4_UPD
2025-05-05 16:16:040 INFO  LogUtil:64 - ADD-USRS TU1
2025-05-05 16:16:040 INFO  LogUtil:64 - ADD-USRS TU2
2025-05-05 16:16:040 INFO  LogUtil:64 - ADD-USRS TU3
2025-05-05 16:16:040 INFO  LogUtil:64 - ADD-USRS TU4
2025-05-05 16:16:041 INFO  LogUtil:64 - ADD-USRS TU5
2025-05-05 16:16:041 INFO  LogUtil:64 - ADD-USRS TU6
2025-05-05 16:16:042 INFO  LogUtil:64 - ADD-USRS TU7_HIER
2025-05-05 16:16:042 INFO  LogUtil:64 - ADD-USRS TU8_SSD
2025-05-05 16:16:042 INFO  LogUtil:64 - ADD-USRS TU9_SSD_HIER
2025-05-05 16:16:042 INFO  LogUtil:64 - ADD-USRS TU10_SSD_HIER
2025-05-05 16:16:042 INFO  LogUtil:64 - ADD-USRS TU11_SSD_HIER
2025-05-05 16:16:042 INFO  LogUtil:64 - ADD-USRS TU12_DSD
2025-05-05 16:16:042 INFO  LogUtil:64 - ADD-USRS TU13_DSD_HIER
2025-05-05 16:16:042 INFO  LogUtil:64 - ADD-USRS TU14_DSD_HIER
2025-05-05 16:16:043 INFO  LogUtil:64 - ADD-USRS TU15_DSD_HIER
2025-05-05 16:16:043 INFO  LogUtil:64 - ADD-USRS TU18 TR6_DESC
2025-05-05 16:16:044 INFO  LogUtil:64 - ADD-USRS TU19 TR7_ASC
2025-05-05 16:16:045 INFO  LogUtil:64 - ADD-USRS TU20 TR5_HIER
2025-05-05 16:16:045 INFO  LogUtil:64 - ADD-USRS TU21 DSD_BRUNO
2025-05-05 16:16:045 INFO  LogUtil:64 - UPD USERS TU1_UPD
2025-05-05 16:16:045 INFO  LogUtil:64 - ASGN-USRS TU1 TR1
2025-05-05 16:16:049 INFO  LogUtil:64 - ASGN-USRS TU4 TR2
2025-05-05 16:16:053 INFO  LogUtil:64 - ASGN-USRS TU3 TR3
2025-05-05 16:16:058 INFO  LogUtil:64 - ASGN-USRS_H TU7 HIER TR5 HIER
2025-05-05 16:16:058 INFO  LogUtil:64 - ASGN-USRS_H TU20 TR5B HIER
2025-05-05 16:16:058 INFO  LogUtil:64 - ASGN-USRS_SSDT1 TU8 SSD_T1
2025-05-05 16:16:059 INFO  LogUtil:64 - ASGN-USRS_SSDT4B TU9 SSD_T4_B
2025-05-05 16:16:059 INFO  LogUtil:64 - ASGN-USRS_SSDT5B TU10 SSD_T5_B
2025-05-05 16:16:059 INFO  LogUtil:64 - ASGN-USRS_SSDT6B TU11 SSD_T6_B
2025-05-05 16:16:059 INFO  LogUtil:64 - ASGN-USRS_DSDT1 TU8 DSD_T1
2025-05-05 16:17:000 INFO  LogUtil:64 - ASGN-USRS_DSDT4B TU9 DSD_T4_B
2025-05-05 16:17:001 INFO  LogUtil:64 - ASGN-USRS_DSDT5B TU10 DSD_T5_B
2025-05-05 16:17:001 INFO  LogUtil:64 - ASGN-USRS_DSDT6B TU11 DSD_T6_B
2025-05-05 16:17:001 INFO  LogUtil:64 - ASGN-USRS_DSDT1 TU12 DSD_T1
2025-05-05 16:17:002 INFO  LogUtil:64 - ASGN-USRS_DSDT4B TU13 DSD_T4_B
2025-05-05 16:17:002 INFO  LogUtil:64 - ASGN-USRS_DSDT5B TU14 DSD_T5_B
2025-05-05 16:17:003 INFO  LogUtil:64 - ASGN-USRS_DSDT6B TU15 DSD_T6_B
2025-05-05 16:17:003 INFO  LogUtil:64 - ADD-OBS TOB1
2025-05-05 16:17:003 INFO  LogUtil:64 - ADD-OBS TOB2
2025-05-05 16:17:003 INFO  LogUtil:64 - ADD-OBS TOB3
2025-05-05 16:17:003 INFO  LogUtil:64 - ADD-OBS TOB4
2025-05-05 16:17:003 INFO  LogUtil:64 - ADD-OBS TOB6
2025-05-05 16:17:003 INFO  LogUtil:64 - UPD-OBS TOB4_UPD
2025-05-05 16:17:004 INFO  LogUtil:64 - ADD-OPS TOB1 TOP1
2025-05-05 16:17:005 INFO  LogUtil:64 - ADD-OPS TOB2 TOP2
2025-05-05 16:17:006 INFO  LogUtil:64 - ADD-OPS TOB3 TOP3
2025-05-05 16:17:007 INFO  LogUtil:64 - ADD-OPS TOB4 TOP4
2025-05-05 16:17:009 INFO  LogUtil:64 - ADD-OPS TOB6 TOP5
2025-05-05 16:17:010 INFO  LogUtil:64 - UPD-OPS TOB1 TOP1_UPD
2025-05-05 16:17:010 INFO  LogUtil:64 - GRNT-PRMS TR1 TOB1 TOP1
2025-05-05 16:17:017 INFO  LogUtil:64 - GRNT-PRMS TR2 TOB2 TOP2
2025-05-05 16:17:024 INFO  LogUtil:64 - GRNT-PRMS TR3 TOB3 TOP3
2025-05-05 16:17:031 INFO  LogUtil:64 - GRNT-PRMS_H ROLES_TR5_HIER TOB4 TOP4
2025-05-05 16:17:034 INFO  LogUtil:64 - GRNT-PRMS_HB USERS TU20 ROLES_TR5B TOB6 TOP5
2025-05-05 16:17:034 INFO  LogUtil:64 - GRNT-PRMS TU1 TOB1 TOP1
2025-05-05 16:17:040 INFO  LogUtil:64 - ADD-PA-SET TPASET1
2025-05-05 16:17:040 INFO  LogUtil:64 - ADD-PA-SET TPASET2
2025-05-05 16:17:040 INFO  LogUtil:64 - ADD-PA-TO-SET TPASET2
2025-05-05 16:17:040 INFO  LogUtil:64 - ADD-PA-TO-SET TPASET2
2025-05-05 16:17:041 INFO  LogUtil:64 - ADD-PASET-TO-POP-VALID TOB_1 TOP_1
2025-05-05 16:17:041 INFO  LogUtil:64 - ADD-PASET-TO-POP-INVALID TOB_1 TOP_1
2025-05-05 16:17:041 INFO  AdminMgrImplTest:1913 - Caught exception adding invalid tpa set name NOTEXISTTPASETNAME
2025-05-05 16:17:041 INFO  LogUtil:64 - ASGN-URC-VALID TU1 TR1
2025-05-05 16:17:041 INFO  LogUtil:64 - ASGN-URC-INVALID TU1 TR1
2025-05-05 16:17:041 INFO  AdminMgrImplTest:1976 - Caught exception adding invalid tpa set name TPASETNAMENOTEXIST
2025-05-05 16:17:041 INFO  LogUtil:64 - ADD-GRP TG1
2025-05-05 16:17:041 INFO  LogUtil:64 - ADD-GRP TG2
2025-05-05 16:17:041 INFO  LogUtil:64 - ADD-GRP TG3
2025-05-05 16:17:041 INFO  LogUtil:64 - ASGN-GRP TG3 TU2
2025-05-05 16:17:041 INFO  LogUtil:64 - ASGN-GRP TG1 TR2
2025-05-05 16:17:048 INFO  LogUtil:64 - ASGN-GRP TG2 TR3
2025-05-05 16:17:055 INFO  LogUtil:64 - GRP-RLS TG1 TR1+TR2
2025-05-05 16:17:055 INFO  LogUtil:64 - GRP-RLS TG2 TR2+TR3
2025-05-05 16:17:056 INFO  LogUtil:64 - RLE-GRPS TR2 TG1+TG2
2025-05-05 16:17:056 INFO  LogUtil:64 - RD ORGS_TO1
2025-05-05 16:17:056 INFO  LogUtil:64 - RD ORGS_PRM_TO3
2025-05-05 16:17:056 INFO  LogUtil:64 - SRCH ORGS_TO1
2025-05-05 16:17:056 INFO  LogUtil:64 - SRCH ORGS_PRM_TO3
2025-05-05 16:17:056 INFO  LogUtil:64 - RD-ADMRLS TR1
2025-05-05 16:17:056 INFO  LogUtil:64 - RD-ADMRLS TR2
2025-05-05 16:17:056 INFO  LogUtil:64 - RD-ADMRLS TR3_UPD
2025-05-05 16:17:056 INFO  LogUtil:64 - SRCH-ADMRLS TR1
2025-05-05 16:17:056 INFO  LogUtil:64 - SRCH-ADMRLS TR2
2025-05-05 16:17:056 INFO  LogUtil:64 - SRCH-ADMRLS TR3
2025-05-05 16:17:056 INFO  LogUtil:64 - RD-RLS TR1
2025-05-05 16:17:056 INFO  LogUtil:64 - RD-RLS TR2
2025-05-05 16:17:056 INFO  LogUtil:64 - RD-RLS TR3
2025-05-05 16:17:056 INFO  LogUtil:64 - RD-RLS TR4_UPD
2025-05-05 16:17:056 INFO  LogUtil:64 - SRCH-RLS TR1
2025-05-05 16:17:056 INFO  LogUtil:64 - SRCH-RLS TR2
2025-05-05 16:17:057 INFO  LogUtil:64 - SRCH-RLS TR3
2025-05-05 16:17:057 INFO  LogUtil:64 - SRCH-RLS TR4_UPD
2025-05-05 16:17:057 INFO  LogUtil:64 - SRCH-RLNMS TR1
2025-05-05 16:17:058 INFO  LogUtil:64 - SRCH-RLNMS TR2
2025-05-05 16:17:058 INFO  LogUtil:64 - SRCH-RLNMS TR3
2025-05-05 16:17:058 INFO  LogUtil:64 - SRCH-RLNMS TR4_UPD
2025-05-05 16:17:058 INFO  LogUtil:64 - READ-USRS TU1_UPD
2025-05-05 16:17:058 INFO  LogUtil:64 - READ-USRS TU3
2025-05-05 16:17:058 INFO  LogUtil:64 - READ-USRS TU4
2025-05-05 16:17:058 INFO  LogUtil:64 - READ-USRS TU5
2025-05-05 16:17:059 INFO  LogUtil:64 - READ-USRS TU8
2025-05-05 16:17:059 INFO  LogUtil:64 - READ-USRS TU9
2025-05-05 16:17:059 INFO  LogUtil:64 - READ-USRS TU10
2025-05-05 16:17:059 INFO  LogUtil:64 - READ-USRS TU11
2025-05-05 16:17:059 INFO  LogUtil:64 - READ-USRS TU12
2025-05-05 16:17:059 INFO  LogUtil:64 - READ-USRS TU13
2025-05-05 16:17:059 INFO  LogUtil:64 - READ-USRS TU14
2025-05-05 16:17:059 INFO  LogUtil:64 - READ-USRS TU15
2025-05-05 16:17:059 INFO  LogUtil:64 - SRCH-USRS TU1_UPD
2025-05-05 16:17:059 INFO  LogUtil:64 - SRCH-USRS TU3
2025-05-05 16:17:059 INFO  LogUtil:64 - SRCH-USRS TU4
2025-05-05 16:17:059 INFO  LogUtil:64 - SRCH-USRS TU5
2025-05-05 16:17:059 INFO  LogUtil:64 - SRCH-USRS TU8
2025-05-05 16:17:059 INFO  LogUtil:64 - SRCH-USRS TU9
2025-05-05 16:17:059 INFO  LogUtil:64 - SRCH-USRS TU10
2025-05-05 16:17:059 INFO  LogUtil:64 - SRCH-USRS TU11
2025-05-05 16:17:059 INFO  LogUtil:64 - SRCH-USRS TU12
2025-05-05 16:17:059 INFO  LogUtil:64 - SRCH-USRS TU13
2025-05-05 16:17:059 INFO  LogUtil:64 - SRCH-USRS TU14
2025-05-05 16:17:059 INFO  LogUtil:64 - SRCH-USRS TU15
2025-05-05 16:17:059 INFO  LogUtil:64 - SRCH-USRIDS TU1_UPD
2025-05-05 16:17:059 INFO  LogUtil:64 - SRCH-USRIDS TU3
2025-05-05 16:17:059 INFO  LogUtil:64 - SRCH-USRIDS TU4
2025-05-05 16:17:059 INFO  LogUtil:64 - ASGN-RLS TU1_UPD TR1
2025-05-05 16:17:059 INFO  LogUtil:64 - ASGN-RLS TU4 TR2
2025-05-05 16:17:059 INFO  LogUtil:64 - ASGN-RLS TU3 TR3
2025-05-05 16:17:059 INFO  LogUtil:64 - ASGN-RLS TU1_UPD TR1
2025-05-05 16:17:059 INFO  LogUtil:64 - ASGN-RLS TU4 TR2
2025-05-05 16:17:059 INFO  LogUtil:64 - ASGN-RLS TU3 TR3
2025-05-05 16:17:059 INFO  LogUtil:64 - AUTHZ-RLS TU18 TR6 DESC
2025-05-05 16:17:059 INFO  LogUtil:64 - AUTHZ-RLS TU19 TR7 ASC
2025-05-05 16:17:059 INFO  LogUtil:64 - ATHZ-USRS TR1 TU1_UPD
2025-05-05 16:17:059 INFO  LogUtil:64 - ATHZ-USRS TR2 TU4
2025-05-05 16:17:059 INFO  LogUtil:64 - ATHZ-USRS TR3 TU3
2025-05-05 16:18:000 INFO  LogUtil:64 - ATHZ-USRS TR1 TU1_UPD
2025-05-05 16:18:000 INFO  LogUtil:64 - ATHZ-USRS TR2 TU4
2025-05-05 16:18:000 INFO  LogUtil:64 - ATHZ-USRS TR3 TU3
2025-05-05 16:18:000 INFO  LogUtil:64 - ATHZ-USRS-HIER TR6 TU18
2025-05-05 16:18:000 INFO  LogUtil:64 - ATHZ-USRS-HIER TR7 TU19
2025-05-05 16:18:000 INFO  LogUtil:64 - RD-PRM-OBJS TOB1
2025-05-05 16:18:000 INFO  LogUtil:64 - RD-PRM-OBJS TOB2
2025-05-05 16:18:000 INFO  LogUtil:64 - RD-PRM-OBJS TOB3
2025-05-05 16:18:000 INFO  LogUtil:64 - RD-PRM-OBJS TOB4_UPD
2025-05-05 16:18:000 INFO  LogUtil:64 - FND-PRM-OBJS TOB1
2025-05-05 16:18:000 INFO  LogUtil:64 - FND-PRM-OBJS TOB2
2025-05-05 16:18:000 INFO  LogUtil:64 - FND-PRM-OBJS TOB3
2025-05-05 16:18:000 INFO  LogUtil:64 - FND-PRM-OBJS TOB4_UPD
2025-05-05 16:18:000 INFO  LogUtil:64 - RD-PRM-OPS TOB1 OPS_TOP1_UPD
2025-05-05 16:18:000 INFO  LogUtil:64 - RD-PRM-OPS TOB1 TOP2
2025-05-05 16:18:000 INFO  LogUtil:64 - RD-PRM-OPS TOB1 TOP3
2025-05-05 16:18:001 INFO  LogUtil:64 - FND-PRM-OPS TOB1 OPS_TOP1_UPD
2025-05-05 16:18:001 INFO  LogUtil:64 - FND-PRM-OPS TOB2 TOP2
2025-05-05 16:18:001 INFO  LogUtil:64 - FND-PRM-OPS TOB3 TOP3
2025-05-05 16:18:002 INFO  LogUtil:64 - ATHRZ-RLE-PRMS TR1 TOB1 TOP1_UPD
2025-05-05 16:18:002 INFO  LogUtil:64 - PRM-RLS TOB1 TOP1 TR1
2025-05-05 16:18:002 INFO  LogUtil:64 - AUTHZ PRM-RLES TOB6 TOP5 TR5B
2025-05-05 16:18:002 INFO  LogUtil:64 - PRM-USRS TOB1 TOP1 TU1_UPD
2025-05-05 16:18:002 INFO  LogUtil:64 - AUTHZ PRM-USRS TOB6 TOP5 TU20
2025-05-05 16:18:002 INFO  LogUtil:64 - USR-PRMS TU1_UPD TOB1 TOP1_UPD
2025-05-05 16:18:002 INFO  LogUtil:64 - USR-PRMS TU3 TOB3 TOP3
2025-05-05 16:18:002 INFO  LogUtil:64 - USR-PRMS TU4 TOB2 TOP2
2025-05-05 16:18:002 INFO  LogUtil:64 - SRCH-SSD T1
2025-05-05 16:18:002 INFO  LogUtil:64 - SRCH-SSD T4
2025-05-05 16:18:002 INFO  LogUtil:64 - SRCH-SSD T5
2025-05-05 16:18:002 INFO  LogUtil:64 - SRCH-SSD T6
2025-05-05 16:18:002 INFO  LogUtil:64 - SRCH-DSD T1
2025-05-05 16:18:002 INFO  LogUtil:64 - SRCH-DSD T4
2025-05-05 16:18:002 INFO  LogUtil:64 - SRCH-DSD T5
2025-05-05 16:18:002 INFO  LogUtil:64 - SRCH-DSD T6
2025-05-05 16:18:002 INFO  LogUtil:64 - RD-PA-SET TPASET1
2025-05-05 16:18:002 INFO  LogUtil:64 - RD-PA-SET TPASET2
2025-05-05 16:18:002 INFO  LogUtil:64 - RD-PASET-FROM-POP TOB_1 TOP_1
2025-05-05 16:18:002 INFO  LogUtil:64 - RD-URC TU1 TR1
2025-05-05 16:18:002 INFO  LogUtil:64 - SRCH-RCS TU1 TR1
2025-05-05 16:18:002 INFO  LogUtil:64 - CHCK-ACS TU1_UPD TO1 TOP1 
2025-05-05 16:18:003 INFO  LogUtil:64 - CAN-ASGN-USRS URA_T1 TU17A TU17U TR15
2025-05-05 16:18:003 INFO  LogUtil:64 - CAN-DEASGN-USRS URA_T1 TU17A TU17U TR15
2025-05-05 16:18:003 INFO  LogUtil:64 - CAN-GRNT-PRMS PRA_T1 TU17A TOB5 TR15
2025-05-05 16:18:003 INFO  LogUtil:64 - CAN-RVKE-PRMS PRA_T1 TU17A TOB5 TR15
2025-05-05 16:18:004 INFO  LogUtil:64 - GET-USRIDS TU1_UPD
2025-05-05 16:18:004 INFO  LogUtil:64 - GET-USRIDS TU3
2025-05-05 16:18:004 INFO  LogUtil:64 - GET-USRIDS TU4
2025-05-05 16:18:004 INFO  LogUtil:64 - GET-USRS TU1_UPD
2025-05-05 16:18:004 INFO  LogUtil:64 - GET-USRS TU3
2025-05-05 16:18:005 INFO  LogUtil:64 - GET-USRS TU4
2025-05-05 16:18:005 INFO  LogUtil:64 - CREATE-SESS TU1_UPD TR1
2025-05-05 16:18:005 INFO  LogUtil:64 - CREATE-SESS TU3 TR3
2025-05-05 16:18:006 INFO  LogUtil:64 - CREATE-SESS TU4 TR2
2025-05-05 16:18:006 INFO  LogUtil:64 - CR-SESS-TRST TU1_UPD TR1
2025-05-05 16:18:007 INFO  LogUtil:64 - CR-SESS-TRST TU3 TR3
2025-05-05 16:18:007 INFO  LogUtil:64 - CR-SESS-TRST TU4 TR2
2025-05-05 16:18:007 INFO  LogUtil:64 - CREATE-SESS-HIER TU18 TR6 DESC
2025-05-05 16:18:007 INFO  LogUtil:64 - CREATE-SESS-HIER TU19U TR7 ASC
2025-05-05 16:18:007 INFO  LogUtil:64 - CR-SESS-DSD TU12 DSD_T1
2025-05-05 16:18:007 WARN  DSDChecker:130 - validate userId [jtsTU12User1] failed activation of assignedRole [oamDSDR2] validates DSD Set Name:oamDsdTest1 Cardinality:2
2025-05-05 16:18:007 WARN  DSDChecker:130 - validate userId [jtsTU12User1] failed activation of assignedRole [oamDSDR3] validates DSD Set Name:oamDsdTest1 Cardinality:2
2025-05-05 16:18:007 WARN  DSDChecker:130 - validate userId [jtsTU12User2] failed activation of assignedRole [oamDSDR5] validates DSD Set Name:oamDsdTest2 Cardinality:2
2025-05-05 16:18:007 WARN  DSDChecker:130 - validate userId [jtsTU12User2] failed activation of assignedRole [oamDSDR6] validates DSD Set Name:oamDsdTest2 Cardinality:2
2025-05-05 16:18:007 WARN  DSDChecker:130 - validate userId [jtsTU12User3] failed activation of assignedRole [oamDSDR8] validates DSD Set Name:oamDsdTest3 Cardinality:3
2025-05-05 16:18:007 WARN  DSDChecker:130 - validate userId [jtsTU12User3] failed activation of assignedRole [oamDSDR9] validates DSD Set Name:oamDsdTest3 Cardinality:3
2025-05-05 16:18:007 WARN  DSDChecker:130 - validate userId [jtsTU12User4] failed activation of assignedRole [oamDSDR14] validates DSD Set Name:oamDsdTest4 Cardinality:9
2025-05-05 16:18:007 WARN  DSDChecker:130 - validate userId [jtsTU12User4] failed activation of assignedRole [oamDSDR13] validates DSD Set Name:oamDsdTest4 Cardinality:9
2025-05-05 16:18:007 INFO  LogUtil:64 - CR-SESS-DSD TU13 DSD_T4_B
2025-05-05 16:18:007 WARN  DSDChecker:158 - validate userId [jtsTU13User1] assignedRole [oamT11DSD8] parentRole [OAMT11DSD7] validates DSD Set Name:oamT4Dsd1 Cardinality:4
2025-05-05 16:18:007 INFO  LogUtil:64 - CR-SESS-DSD TU14 DSD_T5_B
2025-05-05 16:18:007 WARN  DSDChecker:130 - validate userId [jtsTU14User1] failed activation of assignedRole [oamT12DSD3] validates DSD Set Name:oamT5Dsd1 Cardinality:3
2025-05-05 16:18:007 WARN  DSDChecker:130 - validate userId [jtsTU14User2] failed activation of assignedRole [oamT12DSD3] validates DSD Set Name:oamT5Dsd1 Cardinality:3
2025-05-05 16:18:007 INFO  LogUtil:64 - CR-SESS-DSD TU15 DSD_T6_C
2025-05-05 16:18:008 WARN  DSDChecker:130 - validate userId [jtsTU15User3] failed activation of assignedRole [oamT13DSD1] validates DSD Set Name:oamT6Dsd1 Cardinality:2
2025-05-05 16:18:008 INFO  LogUtil:64 - CR-SESS-DSD TU21 DSD_T8_BRUNO
2025-05-05 16:18:008 WARN  DSDChecker:130 - validate userId [jtsTU21User1] failed activation of assignedRole [oamT17DSD1] validates DSD Set Name:oamT8Dsd3 Cardinality:2
2025-05-05 16:18:008 INFO  LogUtil:64 - CR-SESS-DSD TU12 DSD_T1
2025-05-05 16:18:008 WARN  DSDChecker:130 - validate userId [jtsTU12User1] failed activation of assignedRole [oamDSDR2] validates DSD Set Name:oamDsdTest1 Cardinality:2
2025-05-05 16:18:008 WARN  DSDChecker:130 - validate userId [jtsTU12User1] failed activation of assignedRole [oamDSDR3] validates DSD Set Name:oamDsdTest1 Cardinality:2
2025-05-05 16:18:008 WARN  DSDChecker:130 - validate userId [jtsTU12User2] failed activation of assignedRole [oamDSDR5] validates DSD Set Name:oamDsdTest2 Cardinality:2
2025-05-05 16:18:008 WARN  DSDChecker:130 - validate userId [jtsTU12User2] failed activation of assignedRole [oamDSDR6] validates DSD Set Name:oamDsdTest2 Cardinality:2
2025-05-05 16:18:008 WARN  DSDChecker:130 - validate userId [jtsTU12User3] failed activation of assignedRole [oamDSDR8] validates DSD Set Name:oamDsdTest3 Cardinality:3
2025-05-05 16:18:008 WARN  DSDChecker:130 - validate userId [jtsTU12User3] failed activation of assignedRole [oamDSDR9] validates DSD Set Name:oamDsdTest3 Cardinality:3
2025-05-05 16:18:008 WARN  DSDChecker:130 - validate userId [jtsTU12User4] failed activation of assignedRole [oamDSDR14] validates DSD Set Name:oamDsdTest4 Cardinality:9
2025-05-05 16:18:008 WARN  DSDChecker:130 - validate userId [jtsTU12User4] failed activation of assignedRole [oamDSDR13] validates DSD Set Name:oamDsdTest4 Cardinality:9
2025-05-05 16:18:008 INFO  LogUtil:64 - CR-SESS-DSD TU13 DSD_T4_B
2025-05-05 16:18:008 WARN  DSDChecker:158 - validate userId [jtsTU13User1] assignedRole [oamT11DSD8] parentRole [OAMT11DSD7] validates DSD Set Name:oamT4Dsd1 Cardinality:4
2025-05-05 16:18:008 INFO  LogUtil:64 - CR-SESS-DSD TU14 DSD_T5_B
2025-05-05 16:18:008 WARN  DSDChecker:130 - validate userId [jtsTU14User1] failed activation of assignedRole [oamT12DSD3] validates DSD Set Name:oamT5Dsd1 Cardinality:3
2025-05-05 16:18:008 WARN  DSDChecker:130 - validate userId [jtsTU14User2] failed activation of assignedRole [oamT12DSD3] validates DSD Set Name:oamT5Dsd1 Cardinality:3
2025-05-05 16:18:008 INFO  LogUtil:64 - CR-SESS-DSD TU15 DSD_T6_C
2025-05-05 16:18:008 WARN  DSDChecker:130 - validate userId [jtsTU15User3] failed activation of assignedRole [oamT13DSD1] validates DSD Set Name:oamT6Dsd1 Cardinality:2
2025-05-05 16:18:008 INFO  LogUtil:64 - CR-SESS-DSD TU21 DSD_T8_BRUNO
2025-05-05 16:18:008 WARN  DSDChecker:130 - validate userId [jtsTU21User1] failed activation of assignedRole [oamT17DSD1] validates DSD Set Name:oamT8Dsd3 Cardinality:2
2025-05-05 16:18:008 INFO  LogUtil:64 - SESS-RLS TU1_UPD TR1
2025-05-05 16:18:008 INFO  LogUtil:64 - SESS-RLS TU3 TR3
2025-05-05 16:18:008 INFO  LogUtil:64 - SESS-RLS TU4 TR2
2025-05-05 16:18:009 INFO  LogUtil:64 - CHCK-ACS TU1_UPD TO1 TOP1 
2025-05-05 16:18:010 INFO  LogUtil:64 - CHCK-ACS TU3 TO3 TOP1 
2025-05-05 16:18:011 INFO  LogUtil:64 - CHCK-ACS TU4 TO4 TOP1 
2025-05-05 16:18:013 INFO  LogUtil:64 - ADD-ACT-RLS TU1_UPD TR1 bad:TR2
2025-05-05 16:18:013 INFO  LogUtil:64 - ADD-ACT-RLS TU3 TR3 bad:TR1:
2025-05-05 16:18:014 INFO  LogUtil:64 - ADD-ACT-RLS TU4 TR2 bad:TR1
2025-05-05 16:18:014 INFO  LogUtil:64 - ADD-ACT-RLS-USRS_DSDT1 TU8 DSD_T1
2025-05-05 16:18:014 INFO  LogUtil:64 - ADD-ACT-RLS-USRS_DSDT4B TU9 DSD_T4_B
2025-05-05 16:18:014 INFO  LogUtil:64 - ADD-ACT-RLS-USRS_DSDT5B TU10 DSD_T5_B
2025-05-05 16:18:014 INFO  LogUtil:64 - ADD-ACT-RLS-USRS_DSDT6B TU11 DSD_T6_B
2025-05-05 16:18:014 INFO  LogUtil:64 - DRP-ACT-RLS TU1_UPD TR1 bad:TR2
2025-05-05 16:18:015 INFO  LogUtil:64 - DRP-ACT-RLS TU3 TR3 bad:TR1
2025-05-05 16:18:015 INFO  LogUtil:64 - DRP-ACT-RLS TU4 TR2 bad:TR1
2025-05-05 16:18:015 INFO  LogUtil:64 - SESS-PRMS TU1_UPD TO1 TOP1 
2025-05-05 16:18:015 INFO  LogUtil:64 - SESS-PRMS_H USERS_TU7_HIER OBJS_TOB4 OPS_TOP4 
2025-05-05 16:18:017 INFO  LogUtil:64 - CR-SESS-WRLS TU1_UPD TR1
2025-05-05 16:18:018 INFO  LogUtil:64 - CR-SESS-WRLS TU3 TR3
2025-05-05 16:18:019 INFO  LogUtil:64 - CR-SESS-WRLS TU4 TR2
2025-05-05 16:18:020 INFO  LogUtil:64 - CR-SESS-WRLS-TRST TU1_UPD TR1
2025-05-05 16:18:021 INFO  LogUtil:64 - CR-SESS-WRLS-TRST TU3 TR3
2025-05-05 16:18:022 INFO  LogUtil:64 - CR-SESS-WRLS-TRST TU4 TR2
2025-05-05 16:18:051 INFO  LogUtil:64 - TD-RLS TR1
2025-05-05 16:18:051 INFO  Config:438 - static init: found from: fortress.properties path: /C:/Users/Guest1/Downloads/JDK1-7-0-80-20250426T213732Z-001/JDK1-7-0-80/ArchNav-070218%20(with%20Instructions)/itp/fortress-core-2.0.0-RC1/target/test-classes/fortress.properties
2025-05-05 16:18:051 INFO  Config:440 - static init: loading from: fortress.properties
2025-05-05 16:18:051 INFO  Config:591 - static init: load config realm [DEFAULT]
2025-05-05 16:18:051 INFO  ConfigDAO:268 - getConfig dn [cn=DEFAULT,ou=Config,dc=example,dc=com]
2025-05-05 16:18:051 INFO  LdapConnectionProvider:145 - LDAP POOL:  host=[localhost], port=[389], min=[1], max=[10]
2025-05-05 16:18:051 INFO  DefaultLdapCodecService:109 - Registered pre-bundled control factory: 1.3.6.1.4.1.18060.0.0.1
2025-05-05 16:18:051 INFO  DefaultLdapCodecService:113 - Registered pre-bundled control factory: 2.16.840.1.113730.3.4.7
2025-05-05 16:18:051 INFO  DefaultLdapCodecService:117 - Registered pre-bundled control factory: 2.16.840.1.113730.3.4.2
2025-05-05 16:18:051 INFO  DefaultLdapCodecService:121 - Registered pre-bundled control factory: 2.16.840.1.113730.3.4.18
2025-05-05 16:18:051 INFO  DefaultLdapCodecService:125 - Registered pre-bundled control factory: 1.2.840.113556.1.4.319
2025-05-05 16:18:051 INFO  DefaultLdapCodecService:129 - Registered pre-bundled control factory: 2.16.840.1.113730.3.4.3
2025-05-05 16:18:051 INFO  DefaultLdapCodecService:133 - Registered pre-bundled control factory: 1.3.6.1.4.1.4203.1.10.1
2025-05-05 16:18:051 INFO  CodecFactoryUtil:105 - Registered pre-bundled control factory: 1.3.6.1.4.1.18060.0.0.1
2025-05-05 16:18:051 INFO  CodecFactoryUtil:109 - Registered pre-bundled control factory: 2.16.840.1.113730.3.4.7
2025-05-05 16:18:051 INFO  CodecFactoryUtil:113 - Registered pre-bundled control factory: 2.16.840.1.113730.3.4.2
2025-05-05 16:18:051 INFO  CodecFactoryUtil:117 - Registered pre-bundled control factory: 2.16.840.1.113730.3.4.18
2025-05-05 16:18:051 INFO  CodecFactoryUtil:121 - Registered pre-bundled control factory: 1.2.840.113556.1.4.319
2025-05-05 16:18:051 INFO  CodecFactoryUtil:125 - Registered pre-bundled control factory: 2.16.840.1.113730.3.4.3
2025-05-05 16:18:051 INFO  CodecFactoryUtil:129 - Registered pre-bundled control factory: 1.3.6.1.4.1.4203.1.10.1
2025-05-05 16:18:051 INFO  CodecFactoryUtil:133 - Registered pre-bundled control factory: 1.3.6.1.4.1.42.2.27.8.5.1
2025-05-05 16:18:051 INFO  CodecFactoryUtil:138 - Registered pre-bundled control factory: 2.16.840.1.113730.3.4.9
2025-05-05 16:18:051 INFO  CodecFactoryUtil:143 - Registered pre-bundled control factory: 2.16.840.1.113730.3.4.10
2025-05-05 16:18:051 INFO  CodecFactoryUtil:147 - Registered pre-bundled control factory: 1.3.6.1.4.1.4203.1.9.1.3
2025-05-05 16:18:051 INFO  CodecFactoryUtil:151 - Registered pre-bundled control factory: 1.3.6.1.4.1.4203.1.9.1.4
2025-05-05 16:18:051 INFO  CodecFactoryUtil:155 - Registered pre-bundled control factory: 1.3.6.1.4.1.4203.1.9.1.1
2025-05-05 16:18:051 INFO  CodecFactoryUtil:159 - Registered pre-bundled control factory: 1.3.6.1.4.1.4203.1.9.1.2
2025-05-05 16:18:051 INFO  CodecFactoryUtil:163 - Registered pre-bundled control factory: 1.2.840.113556.1.4.473
2025-05-05 16:18:051 INFO  CodecFactoryUtil:167 - Registered pre-bundled control factory: 1.2.840.113556.1.4.474
2025-05-05 16:18:051 INFO  CodecFactoryUtil:171 - Registered pre-bundled control factory: 1.2.840.113556.1.4.841
2025-05-05 16:18:051 INFO  CodecFactoryUtil:175 - Registered pre-bundled control factory: 1.2.840.113556.1.4.417
2025-05-05 16:18:051 INFO  CodecFactoryUtil:179 - Registered pre-bundled control factory: 1.2.840.113556.1.4.1413
2025-05-05 16:18:051 INFO  CodecFactoryUtil:183 - Registered pre-bundled control factory: 1.2.840.113556.1.4.528
2025-05-05 16:18:051 INFO  CodecFactoryUtil:192 - Registered pre-bundled extended operation factory: 1.3.6.1.1.8
2025-05-05 16:18:051 INFO  CodecFactoryUtil:196 - Registered pre-bundled extended operation factory: 1.3.6.1.4.1.18060.0.1.8
2025-05-05 16:18:051 INFO  CodecFactoryUtil:200 - Registered pre-bundled extended operation factory: 1.3.6.1.4.1.18060.0.1.3
2025-05-05 16:18:051 INFO  CodecFactoryUtil:204 - Registered pre-bundled extended operation factory: 1.3.6.1.4.1.18060.0.1.6
2025-05-05 16:18:051 INFO  CodecFactoryUtil:208 - Registered pre-bundled extended operation factory: 1.3.6.1.4.1.18060.0.1.5
2025-05-05 16:18:051 INFO  CodecFactoryUtil:212 - Registered pre-bundled extended operation factory: 1.3.6.1.4.1.4203.1.11.1
2025-05-05 16:18:051 INFO  CodecFactoryUtil:216 - Registered pre-bundled extended operation factory: 1.3.6.1.4.1.4203.1.11.3
2025-05-05 16:18:051 INFO  CodecFactoryUtil:220 - Registered pre-bundled extended operation factory: 1.3.6.1.4.1.1466.20037
2025-05-05 16:18:051 INFO  StandaloneLdapApiService:354 - Registered pre-bundled extended operation factory: 1.3.6.1.4.1.4203.555.1
2025-05-05 16:18:051 INFO  StandaloneLdapApiService:354 - Registered pre-bundled extended operation factory: 1.3.6.1.4.1.4203.555.2
2025-05-05 16:18:051 INFO  StandaloneLdapApiService:354 - Registered pre-bundled extended operation factory: 1.3.6.1.4.1.4203.555.3
2025-05-05 16:18:051 INFO  StandaloneLdapApiService:354 - Registered pre-bundled extended operation factory: 1.3.6.1.4.1.4203.555.4
2025-05-05 16:18:051 INFO  StandaloneLdapApiService:354 - Registered pre-bundled extended operation factory: 1.3.6.1.4.1.4203.555.5
2025-05-05 16:18:051 INFO  StandaloneLdapApiService:354 - Registered pre-bundled extended operation factory: 1.3.6.1.4.1.4203.555.6
2025-05-05 16:18:052 INFO  RoleUtil:360 - loadGraph initializing ROLE context [HOME]
2025-05-05 16:18:052 INFO  ReviewMgrImplTest:436 - .teardownRequired:true
2025-05-05 16:18:052 INFO  LogUtil:64 - DEASGN-GRP TG1 TR2
2025-05-05 16:18:055 INFO  LogUtil:64 - DEASGN-GRP TG2 TR3
2025-05-05 16:18:057 INFO  LogUtil:64 - DEASGN-GRP TG3 TU2
2025-05-05 16:18:058 INFO  LogUtil:64 - DEL-GRP TG1
2025-05-05 16:18:058 INFO  LogUtil:64 - DEL-GRP TG2
2025-05-05 16:18:058 INFO  LogUtil:64 - DEL-GRP TG3
2025-05-05 16:18:058 INFO  LogUtil:64 - RVK-PRMS TU1 TOB1 TOP1
2025-05-05 16:18:058 INFO  AdminRoleUtil:251 - loadGraph initializing ADMIN ROLE context [HOME]
2025-05-05 16:19:004 INFO  LogUtil:64 - REVK-PRMS TR1 TOB1 TOP1
2025-05-05 16:19:011 INFO  LogUtil:64 - REVK-PRMS TR2 TOB2 TOP2
2025-05-05 16:19:018 INFO  LogUtil:64 - REVK-PRMS TR3 TOB3 TOP3
2025-05-05 16:19:024 INFO  LogUtil:64 - REVK-PRMS_H ROLES_TR5_HIER TOB4 TOP4
2025-05-05 16:19:027 INFO  LogUtil:64 - REVK-PRMS_H USERS TU20 ROLES_TR5B TOB6 TOP5
2025-05-05 16:19:027 INFO  LogUtil:64 - DEL-OPS TOB1 TOP1
2025-05-05 16:19:029 INFO  LogUtil:64 - DEL-OPS TOB2 TOP3
2025-05-05 16:19:031 INFO  LogUtil:64 - DEL-OPS TOB3 TOP4
2025-05-05 16:19:034 INFO  LogUtil:64 - DEL-OPS TOB4 TOP4
2025-05-05 16:19:039 INFO  LogUtil:64 - DEL-OPS TOB6 TOP5
2025-05-05 16:19:040 INFO  LogUtil:64 - DEL-OBJS TOB1
2025-05-05 16:19:040 INFO  LogUtil:64 - DEL-OBJS TOB2
2025-05-05 16:19:041 INFO  LogUtil:64 - DEL-OBJS TOB3
2025-05-05 16:19:041 INFO  LogUtil:64 - DEL-OBJS TOB4
2025-05-05 16:19:042 INFO  LogUtil:64 - DEL-OBJS TOB6
2025-05-05 16:19:042 INFO  LogUtil:64 - DEL-PA-SET TPASET1
2025-05-05 16:19:042 INFO  LogUtil:64 - DEL-PA-SET TPASET2
2025-05-05 16:19:042 INFO  LogUtil:64 - DEASGN-USRS TU1 TR1
2025-05-05 16:19:046 INFO  LogUtil:64 - DEASGN-USRS TU4 TR2
2025-05-05 16:19:051 INFO  LogUtil:64 - DEASGN-USRS TU3 TR3
2025-05-05 16:19:055 INFO  LogUtil:64 - DEASGN-USRS_H TU7 TR5 HIER
2025-05-05 16:19:055 INFO  LogUtil:64 - DEASGN-USRS_H TU20 TR5B HIER
2025-05-05 16:19:055 INFO  LogUtil:64 - DEL-USRS TU1
2025-05-05 16:19:059 INFO  LogUtil:64 - DEL-USRS TU2
2025-05-05 16:20:004 INFO  LogUtil:64 - DEL-USRS TU3
2025-05-05 16:20:008 INFO  LogUtil:64 - DEL-USRS TU4
2025-05-05 16:20:011 INFO  LogUtil:64 - DEL-USRS TU5
2025-05-05 16:20:021 INFO  LogUtil:64 - DEL-USRS TU6
2025-05-05 16:20:021 INFO  LogUtil:64 - DEL-USRS TU7_HIER
2025-05-05 16:20:025 INFO  LogUtil:64 - DEL-USRS TU8_SSD
2025-05-05 16:20:026 INFO  LogUtil:64 - DEL-USRS TU9_SSD_HIER
2025-05-05 16:20:028 INFO  LogUtil:64 - DEL-USRS TU10_SSD_HIER
2025-05-05 16:20:029 INFO  LogUtil:64 - DEL-USRS TU11_SSD_HIER
2025-05-05 16:20:030 INFO  LogUtil:64 - DEL-USRS TU12_DSD
2025-05-05 16:20:031 INFO  LogUtil:64 - DEL-USRS TU13_DSD_HIER
2025-05-05 16:20:032 INFO  LogUtil:64 - DEL-USRS TU14_DSD_HIER
2025-05-05 16:20:034 INFO  LogUtil:64 - DEL-USRS TU15_DSD_HIER
2025-05-05 16:20:035 INFO  LogUtil:64 - FDEL-USRS TU1
2025-05-05 16:20:038 INFO  LogUtil:64 - FDEL-USRS TU2
2025-05-05 16:20:042 INFO  LogUtil:64 - FDEL-USRS TU3
2025-05-05 16:20:045 INFO  LogUtil:64 - FDEL-USRS TU4
2025-05-05 16:20:049 INFO  LogUtil:64 - FDEL-USRS TU5
2025-05-05 16:20:058 INFO  LogUtil:64 - FDEL-USRS TU6
2025-05-05 16:20:059 INFO  LogUtil:64 - FDEL-USRS TU7_HIER
2025-05-05 16:21:002 INFO  LogUtil:64 - FDEL-USRS TU8_SSD
2025-05-05 16:21:003 INFO  LogUtil:64 - FDEL-USRS TU9_SSD_HIER
2025-05-05 16:21:004 INFO  LogUtil:64 - FDEL-USRS TU10_SSD_HIER
2025-05-05 16:21:006 INFO  LogUtil:64 - FDEL-USRS TU11_SSD_HIER
2025-05-05 16:21:007 INFO  LogUtil:64 - FDEL-USRS TU12_DSD
2025-05-05 16:21:008 INFO  LogUtil:64 - FDEL-USRS TU13_DSD_HIER
2025-05-05 16:21:009 INFO  LogUtil:64 - FDEL-USRS TU14_DSD_HIER
2025-05-05 16:21:010 INFO  LogUtil:64 - FDEL-USRS TU15_DSD_HIER
2025-05-05 16:21:011 INFO  LogUtil:64 - FDEL-USRS TU18_TR6_DESC
2025-05-05 16:21:017 INFO  LogUtil:64 - FDEL-USRS TU19_TR7_ASC
2025-05-05 16:21:023 INFO  LogUtil:64 - FDEL-USRS TU20_TR5_HIER
2025-05-05 16:21:026 INFO  LogUtil:64 - FDEL-USRS TU21 DSD_BRUNO
2025-05-05 16:21:027 INFO  LogUtil:64 - DEL-MEM-SSD T2 TR9
2025-05-05 16:21:027 INFO  LogUtil:64 - DEL-MEM-SSD T3 TR10
2025-05-05 16:21:028 INFO  LogUtil:64 - DEL-MEM-DSD T2 TR9
2025-05-05 16:21:028 INFO  LogUtil:64 - DEL-MEM-DSD T3 TR10
2025-05-05 16:21:028 INFO  LogUtil:64 - DEL-SSD T1
2025-05-05 16:21:029 INFO  LogUtil:64 - DEL-SSD T4
2025-05-05 16:21:029 INFO  LogUtil:64 - DEL-SSD T5
2025-05-05 16:21:029 INFO  LogUtil:64 - DEL-SSD T6
2025-05-05 16:21:029 INFO  LogUtil:64 - DEL-SSD T7
2025-05-05 16:21:029 INFO  LogUtil:64 - DEL-DSD T7 BRUNO
2025-05-05 16:21:029 INFO  LogUtil:64 - DEL-DSD T1
2025-05-05 16:21:029 INFO  LogUtil:64 - DEL-DSD T4
2025-05-05 16:21:029 INFO  LogUtil:64 - DEL-DSD T5
2025-05-05 16:21:029 INFO  LogUtil:64 - DEL-DSD T6
2025-05-05 16:21:030 INFO  LogUtil:64 - DEL-DSD T8
2025-05-05 16:21:030 INFO  LogUtil:64 - DEL-INHERIT-RLS ROLES_TR5_HIER
2025-05-05 16:21:030 INFO  LogUtil:64 - DEL-INHERIT-RLS ROLES_TR5B
2025-05-05 16:21:030 INFO  LogUtil:64 - DEL-RLS-TR6-DESC
2025-05-05 16:21:032 INFO  LogUtil:64 - DEL-RLS-TR11-DESC-SSD
2025-05-05 16:21:033 INFO  LogUtil:64 - DEL-RLS-TR12-DESC-SSD
2025-05-05 16:21:034 INFO  LogUtil:64 - DEL-RLS-TR13-DESC-SSD
2025-05-05 16:21:035 INFO  LogUtil:64 - DEL-RLS-TR11-DESC-DSD
2025-05-05 16:21:036 INFO  LogUtil:64 - DEL-RLS-TR12-DESC-DSD
2025-05-05 16:21:037 INFO  LogUtil:64 - DEL-RLS-TR13-DESC-DSD
2025-05-05 16:21:037 INFO  LogUtil:64 - DEL-RLS-TR6-ASC
2025-05-05 16:21:038 INFO  LogUtil:64 - DEL-RLS TR1
2025-05-05 16:21:039 INFO  LogUtil:64 - DEL-RLS TR2
2025-05-05 16:21:040 INFO  LogUtil:64 - DEL-RLS TR3
2025-05-05 16:21:040 INFO  LogUtil:64 - DEL-RLS TR4
2025-05-05 16:21:041 INFO  LogUtil:64 - DEL-RLS ROLES_TR5_HIER
2025-05-05 16:21:042 INFO  LogUtil:64 - DEL-RLS ROLES_TR5B
2025-05-05 16:21:042 INFO  LogUtil:64 - DEL-RLS ROLES_TR8_SSD
2025-05-05 16:21:043 INFO  LogUtil:64 - DEL-RLS ROLES_TR9_SSD
2025-05-05 16:21:044 INFO  LogUtil:64 - DEL-RLS ROLES_TR10_SSD
2025-05-05 16:21:044 INFO  LogUtil:64 - DEL-RLS ROLES_TR8_DSD
2025-05-05 16:21:045 INFO  LogUtil:64 - DEL-RLS ROLES_TR9_DSD
2025-05-05 16:21:046 INFO  LogUtil:64 - DEL-RLS ROLES_TR10_DSD
2025-05-05 16:21:047 INFO  LogUtil:64 - DEL-RLS ROLES_TR16_SD
2025-05-05 16:21:047 INFO  LogUtil:64 - DEL-RLS ROLES_TR17_DSD_BRUNO
2025-05-05 16:21:047 INFO  LogUtil:64 - REVK-APRMS ARTR2 AROBJ1 AROPS1
2025-05-05 16:21:049 INFO  LogUtil:64 - DEASGN-USRS TU16 TR1
2025-05-05 16:21:053 INFO  LogUtil:64 - DEASGN-USR TU17A TR2
2025-05-05 16:21:053 INFO  LogUtil:64 - DEL-USRS TU16B_ARBAC
2025-05-05 16:21:053 INFO  LogUtil:64 - DEL-USRS TU16_ARBAC
2025-05-05 16:21:054 INFO  LogUtil:64 - DEL-USRS TU16A_ARBAC
2025-05-05 16:21:054 INFO  LogUtil:64 - DEL-USRS TU16U_ARBAC
2025-05-05 16:21:055 INFO  LogUtil:64 - DEL-OBJS TOB5
2025-05-05 16:21:055 INFO  LogUtil:64 - DEL-OPS ARBAC1
2025-05-05 16:21:056 INFO  LogUtil:64 - DEL-OBJS ARBAC1
2025-05-05 16:21:056 INFO  LogUtil:64 - DEL-OPS ARBAC2
2025-05-05 16:21:058 INFO  LogUtil:64 - DEL-OBS ARBAC2
2025-05-05 16:21:059 INFO  LogUtil:64 - DEL-ARLS-TR5-DESC
2025-05-05 16:21:059 INFO  LogUtil:64 - DEL-ARLS-TR4-ASC
2025-05-05 16:22:000 INFO  LogUtil:64 - DEL-ARLS-TR6-HIER
2025-05-05 16:22:000 INFO  LogUtil:64 - DEL-ADMRLS TR1
2025-05-05 16:22:001 INFO  LogUtil:64 - DEL-ADMRLS TR2
2025-05-05 16:22:001 INFO  LogUtil:64 - DEL-ADMRLS TR3
2025-05-05 16:22:001 INFO  LogUtil:64 - DEL-ADMRLS TR6
2025-05-05 16:22:001 INFO  LogUtil:64 - DEL-INHERIT-RLS ROLES_TR14_ARBAC
2025-05-05 16:22:002 INFO  LogUtil:64 - DEL-RLS ROLES_TR14_ARBAC
2025-05-05 16:22:002 INFO  LogUtil:64 - DEL-INHERIT-RLS ROLES_TR15_ARBAC
2025-05-05 16:22:002 INFO  LogUtil:64 - DEL-RLS ROLES_TR15_ARBAC
2025-05-05 16:22:003 INFO  LogUtil:64 - DEL-INHERIT ORGS_USR_TO2
2025-05-05 16:22:003 INFO  UsoUtil:249 - loadGraph initializing USO context [HOME]
2025-05-05 16:22:003 INFO  LogUtil:64 - DEL-INHERIT ORGS_PRM_TO4
2025-05-05 16:22:003 INFO  PsoUtil:248 - loadGraph initializing PSO context [HOME]
2025-05-05 16:22:003 INFO  LogUtil:64 - DEL-INHERIT ORGS_USR_TO5
2025-05-05 16:22:003 INFO  LogUtil:64 - DEL-INHERIT ORGS_PRM_TO5
2025-05-05 16:22:003 INFO  LogUtil:64 - DEL-ORGS-USR-TO6-DESC
2025-05-05 16:22:003 INFO  LogUtil:64 - DEL-ORGS-PRM-TO6-DESC
2025-05-05 16:22:004 INFO  LogUtil:64 - DEL-ORGS-USR-TR7-ASC
2025-05-05 16:22:004 INFO  LogUtil:64 - DEL-ORGS-PRM-TR7-ASC
2025-05-05 16:22:005 INFO  LogUtil:64 - DEL ORGS_TO1
2025-05-05 16:22:005 INFO  LogUtil:64 - DEL ORGS_USR_TO2
2025-05-05 16:22:006 INFO  LogUtil:64 - DEL ORGS_PRM_TO3
2025-05-05 16:22:006 INFO  LogUtil:64 - DEL ORGS_PRM_TO4
2025-05-05 16:22:007 INFO  LogUtil:64 - DEL ORGS_USR_TO5
2025-05-05 16:22:007 INFO  LogUtil:64 - DEL ORGS_PRM_TO5
2025-05-05 16:22:007 INFO  LogUtil:64 - DEL ORGS_APP1
2025-05-05 16:22:008 INFO  LogUtil:64 - ADD ORGS_TO1
2025-05-05 16:22:008 INFO  LogUtil:64 - ADD ORGS_USR_TO2
2025-05-05 16:22:008 INFO  LogUtil:64 - ADD ORGS_ORGS_PRM_TO3
2025-05-05 16:22:009 INFO  LogUtil:64 - ADD ORGS_PRM_TO4
2025-05-05 16:22:009 INFO  LogUtil:64 - ADD ORGS_USR_TO5
2025-05-05 16:22:009 INFO  LogUtil:64 - ADD ORGS_PRM_TO5
2025-05-05 16:22:009 INFO  LogUtil:64 - ADD ORGS_APP1
2025-05-05 16:22:009 INFO  LogUtil:64 - UPD ORGS_TO1
2025-05-05 16:22:010 INFO  LogUtil:64 - UPD ORGS_PRM_TO3
2025-05-05 16:22:010 INFO  LogUtil:64 - ADD-INHERIT ORGS_USR_TO2
2025-05-05 16:22:010 INFO  LogUtil:64 - ADD-INHERIT ORGS_PRM_TO4
2025-05-05 16:22:010 INFO  LogUtil:64 - ADD-INHERIT ORGS_USR_TO5
2025-05-05 16:22:010 INFO  LogUtil:64 - ADD-INHERIT ORGS_PRM_TO5
2025-05-05 16:22:010 INFO  LogUtil:64 - ADD ORGS-USR-TO6-DESC
2025-05-05 16:22:010 INFO  LogUtil:64 - ADD ORGS-PRM-TO6-DESC
2025-05-05 16:22:010 INFO  LogUtil:64 - ADD-ORGS-USR-TR7-ASC
2025-05-05 16:22:011 INFO  LogUtil:64 - ADD-ORGS-PRM-TR7-ASC
2025-05-05 16:22:011 INFO  LogUtil:64 - ADD-RLS ROLES_TR14_ARBAC
2025-05-05 16:22:011 INFO  LogUtil:64 - ADD-INHERIT-RLS ROLES_TR14_ARBAC
2025-05-05 16:22:011 INFO  LogUtil:64 - ADD-RLS ROLES_TR15_ARBAC
2025-05-05 16:22:012 INFO  LogUtil:64 - ADD-INHERIT-RLS ROLES_TR15_ARBAC
2025-05-05 16:22:012 INFO  LogUtil:64 - ADD-ADMRLS TR1
2025-05-05 16:22:012 INFO  LogUtil:64 - ADD-ADMRLS TR2
2025-05-05 16:22:012 INFO  LogUtil:64 - ADD-ADMRLS TR3
2025-05-05 16:22:012 INFO  LogUtil:64 - ADD-ADMRLS TR6
2025-05-05 16:22:013 INFO  LogUtil:64 - UPD-ADMRLS TR3_UPD
2025-05-05 16:22:013 INFO  LogUtil:64 - ADD-ARLS-TR5-DESC
2025-05-05 16:22:013 INFO  LogUtil:64 - ADD-ARLS-TR4-ASC
2025-05-05 16:22:013 INFO  LogUtil:64 - ADD-ARLS-TR6-HIER
2025-05-05 16:22:013 INFO  LogUtil:64 - ADD-USRS TU16_ARBAC
2025-05-05 16:22:013 INFO  LogUtil:64 - ADD-USRS TU16B_ARBAC
2025-05-05 16:22:014 INFO  LogUtil:64 - ADD-USRS TU16A_ARBAC
2025-05-05 16:22:014 INFO  LogUtil:64 - ADD-USRS TU16U_ARBAC
2025-05-05 16:22:014 INFO  LogUtil:64 - ADD-OBS TOB5
2025-05-05 16:22:014 INFO  LogUtil:64 - ADD-OBS ARBAC1
2025-05-05 16:22:014 INFO  LogUtil:64 - ADD-OPS ARBAC1
2025-05-05 16:22:014 INFO  LogUtil:64 - ADD-OBS ARBAC2
2025-05-05 16:22:014 INFO  LogUtil:64 - ADD-OPS ARBAC2
2025-05-05 16:22:016 INFO  LogUtil:64 - ASGN-USRS TU16 TR1
2025-05-05 16:22:019 INFO  LogUtil:64 - ASGN-USR TU17A TR2
2025-05-05 16:22:019 INFO  LogUtil:64 - GRNT-APRMS ARTR2 AROBJ1 AROPS1
2025-05-05 16:22:021 INFO  LogUtil:64 - ADD-RLS TR1
2025-05-05 16:22:021 INFO  LogUtil:64 - ADD-RLS TR2
2025-05-05 16:22:021 INFO  LogUtil:64 - ADD-RLS TR3
2025-05-05 16:22:021 INFO  LogUtil:64 - ADD-RLS TR4
2025-05-05 16:22:022 INFO  LogUtil:64 - ADD-RLS ROLES_TR5_HIER
2025-05-05 16:22:022 INFO  LogUtil:64 - ADD-RLS ROLES_TR5B
2025-05-05 16:22:022 INFO  LogUtil:64 - ADD-RLS ROLES_TR8_SSD
2025-05-05 16:22:022 INFO  LogUtil:64 - ADD-RLS ROLES_TR9_SSD
2025-05-05 16:22:023 INFO  LogUtil:64 - ADD-RLS ROLES_TR10_SSD
2025-05-05 16:22:023 INFO  LogUtil:64 - ADD-RLS ROLES_TR8_DSD
2025-05-05 16:22:024 INFO  LogUtil:64 - ADD-RLS ROLES_TR9_DSD
2025-05-05 16:22:024 INFO  LogUtil:64 - ADD-RLS ROLES_TR10_DSD
2025-05-05 16:22:024 INFO  LogUtil:64 - ADD-RLS ROLES_TR16_SD
2025-05-05 16:22:025 INFO  LogUtil:64 - ADD-RLS ROLES_TR17_DSD_BRUNO
2025-05-05 16:22:025 INFO  LogUtil:64 - ADD-INHERIT-RLS ROLES_TR5_HIER
2025-05-05 16:22:025 INFO  LogUtil:64 - ADD-INHERIT-RLS ROLES_TR5B
2025-05-05 16:22:025 INFO  LogUtil:64 - ADD-RLS-TR6-DESC
2025-05-05 16:22:025 INFO  LogUtil:64 - ADD-RLS-TR11-DESC-SSD
2025-05-05 16:22:026 INFO  LogUtil:64 - ADD-RLS-TR12-DESC-SSD
2025-05-05 16:22:026 INFO  LogUtil:64 - ADD-RLS-TR13-DESC-SSD
2025-05-05 16:22:026 INFO  LogUtil:64 - ADD-RLS-TR11-DESC-DSD
2025-05-05 16:22:026 INFO  LogUtil:64 - ADD-RLS-TR12-DESC-DSD
2025-05-05 16:22:027 INFO  LogUtil:64 - ADD-RLS-TR13-DESC-DSD
2025-05-05 16:22:027 INFO  LogUtil:64 - ADD-RLS-TR7-ASC
2025-05-05 16:22:027 INFO  LogUtil:64 - ADD-SSD T1
2025-05-05 16:22:028 INFO  LogUtil:64 - ADD-SSD T4
2025-05-05 16:22:028 INFO  LogUtil:64 - ADD-SSD T5
2025-05-05 16:22:028 INFO  LogUtil:64 - ADD-SSD T6
2025-05-05 16:22:028 INFO  LogUtil:64 - ADD-DSD T1
2025-05-05 16:22:028 INFO  LogUtil:64 - ADD-DSD T4
2025-05-05 16:22:028 INFO  LogUtil:64 - ADD-DSD T5
2025-05-05 16:22:028 INFO  LogUtil:64 - ADD-DSD T6
2025-05-05 16:22:028 INFO  LogUtil:64 - ADD-DSD T8 BRUNO
2025-05-05 16:22:028 INFO  LogUtil:64 - ADD-MEM-SSD T2 TR9
2025-05-05 16:22:029 INFO  LogUtil:64 - ADD-MEM-SSD T3 TR10
2025-05-05 16:22:029 INFO  LogUtil:64 - ADD-MEM-DSD T2 TR9
2025-05-05 16:22:030 INFO  LogUtil:64 - ADD-MEM-DSD T3 TR10
2025-05-05 16:22:030 INFO  LogUtil:64 - CARD-SSD T7 TR16
2025-05-05 16:22:033 INFO  LogUtil:64 - CARD-DSD T7 TR16
2025-05-05 16:22:036 INFO  LogUtil:64 - UPD-RLS TR4_UPD
2025-05-05 16:22:036 INFO  LogUtil:64 - ADD-USRS TU1
2025-05-05 16:22:036 INFO  LogUtil:64 - ADD-USRS TU2
2025-05-05 16:22:037 INFO  LogUtil:64 - ADD-USRS TU3
2025-05-05 16:22:037 INFO  LogUtil:64 - ADD-USRS TU4
2025-05-05 16:22:037 INFO  LogUtil:64 - ADD-USRS TU5
2025-05-05 16:22:038 INFO  LogUtil:64 - ADD-USRS TU7_HIER
2025-05-05 16:22:039 INFO  LogUtil:64 - ADD-USRS TU8_SSD
2025-05-05 16:22:039 INFO  LogUtil:64 - ADD-USRS TU9_SSD_HIER
2025-05-05 16:22:039 INFO  LogUtil:64 - ADD-USRS TU10_SSD_HIER
2025-05-05 16:22:039 INFO  LogUtil:64 - ADD-USRS TU11_SSD_HIER
2025-05-05 16:22:039 INFO  LogUtil:64 - ADD-USRS TU12_DSD
2025-05-05 16:22:039 INFO  LogUtil:64 - ADD-USRS TU13_DSD_HIER
2025-05-05 16:22:039 INFO  LogUtil:64 - ADD-USRS TU14_DSD_HIER
2025-05-05 16:22:039 INFO  LogUtil:64 - ADD-USRS TU15_DSD_HIER
2025-05-05 16:22:040 INFO  LogUtil:64 - ADD-USRS TU18 TR6_DESC
2025-05-05 16:22:041 INFO  LogUtil:64 - ADD-USRS TU19 TR7_ASC
2025-05-05 16:22:042 INFO  LogUtil:64 - ADD-USRS TU20 TR5_HIER
2025-05-05 16:22:042 INFO  LogUtil:64 - ADD-USRS TU21 DSD_BRUNO
2025-05-05 16:22:042 INFO  LogUtil:64 - UPD USERS TU1_UPD
2025-05-05 16:22:042 INFO  LogUtil:64 - ASGN-USRS TU1 TR1
2025-05-05 16:22:048 INFO  LogUtil:64 - ASGN-USRS TU4 TR2
2025-05-05 16:22:052 INFO  LogUtil:64 - ASGN-USRS TU3 TR3
2025-05-05 16:22:058 INFO  LogUtil:64 - ASGN-USRS_H TU7 HIER TR5 HIER
2025-05-05 16:22:058 INFO  LogUtil:64 - ASGN-USRS_H TU20 TR5B HIER
2025-05-05 16:22:059 INFO  LogUtil:64 - ASGN-USRS_SSDT1 TU8 SSD_T1
2025-05-05 16:22:059 INFO  LogUtil:64 - ASGN-USRS_SSDT4B TU9 SSD_T4_B
2025-05-05 16:22:059 INFO  LogUtil:64 - ASGN-USRS_SSDT5B TU10 SSD_T5_B
2025-05-05 16:23:000 INFO  LogUtil:64 - ASGN-USRS_SSDT6B TU11 SSD_T6_B
2025-05-05 16:23:000 INFO  LogUtil:64 - ASGN-USRS_DSDT1 TU8 DSD_T1
2025-05-05 16:23:001 INFO  LogUtil:64 - ASGN-USRS_DSDT4B TU9 DSD_T4_B
2025-05-05 16:23:001 INFO  LogUtil:64 - ASGN-USRS_DSDT5B TU10 DSD_T5_B
2025-05-05 16:23:002 INFO  LogUtil:64 - ASGN-USRS_DSDT6B TU11 DSD_T6_B
2025-05-05 16:23:002 INFO  LogUtil:64 - ASGN-USRS_DSDT1 TU12 DSD_T1
2025-05-05 16:23:003 INFO  LogUtil:64 - ASGN-USRS_DSDT4B TU13 DSD_T4_B
2025-05-05 16:23:003 INFO  LogUtil:64 - ASGN-USRS_DSDT5B TU14 DSD_T5_B
2025-05-05 16:23:004 INFO  LogUtil:64 - ASGN-USRS_DSDT6B TU15 DSD_T6_B
2025-05-05 16:23:004 INFO  LogUtil:64 - ADD-OBS TOB1
2025-05-05 16:23:004 INFO  LogUtil:64 - ADD-OBS TOB2
2025-05-05 16:23:004 INFO  LogUtil:64 - ADD-OBS TOB3
2025-05-05 16:23:004 INFO  LogUtil:64 - ADD-OBS TOB4
2025-05-05 16:23:005 INFO  LogUtil:64 - ADD-OBS TOB6
2025-05-05 16:23:005 INFO  LogUtil:64 - UPD-OBS TOB4_UPD
2025-05-05 16:23:005 INFO  LogUtil:64 - ADD-OPS TOB1 TOP1
2025-05-05 16:23:007 INFO  LogUtil:64 - ADD-OPS TOB2 TOP2
2025-05-05 16:23:008 INFO  LogUtil:64 - ADD-OPS TOB3 TOP3
2025-05-05 16:23:009 INFO  LogUtil:64 - ADD-OPS TOB4 TOP4
2025-05-05 16:23:013 INFO  LogUtil:64 - ADD-OPS TOB6 TOP5
2025-05-05 16:23:014 INFO  LogUtil:64 - UPD-OPS TOB1 TOP1_UPD
2025-05-05 16:23:014 INFO  LogUtil:64 - GRNT-PRMS TR1 TOB1 TOP1
2025-05-05 16:23:022 INFO  LogUtil:64 - GRNT-PRMS TR2 TOB2 TOP2
2025-05-05 16:23:032 INFO  LogUtil:64 - GRNT-PRMS TR3 TOB3 TOP3
2025-05-05 16:23:040 INFO  LogUtil:64 - GRNT-PRMS_H ROLES_TR5_HIER TOB4 TOP4
2025-05-05 16:23:043 INFO  LogUtil:64 - GRNT-PRMS_HB USERS TU20 ROLES_TR5B TOB6 TOP5
2025-05-05 16:23:044 INFO  LogUtil:64 - GRNT-PRMS TU1 TOB1 TOP1
2025-05-05 16:23:051 INFO  LogUtil:64 - ADD-PA-SET TPASET1
2025-05-05 16:23:051 INFO  LogUtil:64 - ADD-PA-SET TPASET2
2025-05-05 16:23:051 INFO  LogUtil:64 - ADD-PA-TO-SET TPASET2
2025-05-05 16:23:052 INFO  LogUtil:64 - ADD-PA-TO-SET TPASET2
2025-05-05 16:23:052 INFO  LogUtil:64 - ADD-PASET-TO-POP-VALID TOB_1 TOP_1
2025-05-05 16:23:052 INFO  LogUtil:64 - ADD-PASET-TO-POP-INVALID TOB_1 TOP_1
2025-05-05 16:23:052 INFO  AdminMgrImplTest:1913 - Caught exception adding invalid tpa set name NOTEXISTTPASETNAME
2025-05-05 16:23:052 INFO  LogUtil:64 - ASGN-URC-VALID TU1 TR1
2025-05-05 16:23:052 INFO  LogUtil:64 - ASGN-URC-INVALID TU1 TR1
2025-05-05 16:23:052 INFO  AdminMgrImplTest:1976 - Caught exception adding invalid tpa set name TPASETNAMENOTEXIST
2025-05-05 16:23:052 INFO  LogUtil:64 - ADD-GRP TG1
2025-05-05 16:23:052 INFO  LogUtil:64 - ADD-GRP TG2
2025-05-05 16:23:052 INFO  LogUtil:64 - ADD-GRP TG3
2025-05-05 16:23:052 INFO  LogUtil:64 - ASGN-GRP TG3 TU2
2025-05-05 16:23:052 INFO  LogUtil:64 - ASGN-GRP TG1 TR2
2025-05-05 16:23:059 INFO  LogUtil:64 - ASGN-GRP TG2 TR3
2025-05-05 16:24:005 INFO  LogUtil:64 - GRP-RLS TG1 TR1+TR2
2025-05-05 16:24:006 INFO  LogUtil:64 - GRP-RLS TG2 TR2+TR3
2025-05-05 16:24:006 INFO  LogUtil:64 - RLE-GRPS TR2 TG1+TG2
2025-05-05 16:24:006 INFO  LogUtil:64 - RD ORGS_TO1
2025-05-05 16:24:006 INFO  LogUtil:64 - RD ORGS_PRM_TO3
2025-05-05 16:24:006 INFO  LogUtil:64 - SRCH ORGS_TO1
2025-05-05 16:24:006 INFO  LogUtil:64 - SRCH ORGS_PRM_TO3
2025-05-05 16:24:006 INFO  LogUtil:64 - RD-ADMRLS TR1
2025-05-05 16:24:006 INFO  LogUtil:64 - RD-ADMRLS TR2
2025-05-05 16:24:006 INFO  LogUtil:64 - RD-ADMRLS TR3_UPD
2025-05-05 16:24:006 INFO  LogUtil:64 - SRCH-ADMRLS TR1
2025-05-05 16:24:006 INFO  LogUtil:64 - SRCH-ADMRLS TR2
2025-05-05 16:24:006 INFO  LogUtil:64 - SRCH-ADMRLS TR3
2025-05-05 16:24:006 INFO  LogUtil:64 - RD-RLS TR1
2025-05-05 16:24:007 INFO  LogUtil:64 - RD-RLS TR2
2025-05-05 16:24:007 INFO  LogUtil:64 - RD-RLS TR3
2025-05-05 16:24:007 INFO  LogUtil:64 - RD-RLS TR4_UPD
2025-05-05 16:24:007 INFO  LogUtil:64 - SRCH-RLS TR1
2025-05-05 16:24:007 INFO  LogUtil:64 - SRCH-RLS TR2
2025-05-05 16:24:007 INFO  LogUtil:64 - SRCH-RLS TR3
2025-05-05 16:24:007 INFO  LogUtil:64 - SRCH-RLS TR4_UPD
2025-05-05 16:24:007 INFO  LogUtil:64 - SRCH-RLNMS TR1
2025-05-05 16:24:008 INFO  LogUtil:64 - SRCH-RLNMS TR2
2025-05-05 16:24:008 INFO  LogUtil:64 - SRCH-RLNMS TR3
2025-05-05 16:24:008 INFO  LogUtil:64 - SRCH-RLNMS TR4_UPD
2025-05-05 16:24:008 INFO  LogUtil:64 - READ-USRS TU1_UPD
2025-05-05 16:24:009 INFO  LogUtil:64 - READ-USRS TU3
2025-05-05 16:24:009 INFO  LogUtil:64 - READ-USRS TU4
2025-05-05 16:24:009 INFO  LogUtil:64 - READ-USRS TU5
2025-05-05 16:24:009 INFO  LogUtil:64 - READ-USRS TU8
2025-05-05 16:24:009 INFO  LogUtil:64 - READ-USRS TU9
2025-05-05 16:24:009 INFO  LogUtil:64 - READ-USRS TU10
2025-05-05 16:24:009 INFO  LogUtil:64 - READ-USRS TU11
2025-05-05 16:24:009 INFO  LogUtil:64 - READ-USRS TU12
2025-05-05 16:24:009 INFO  LogUtil:64 - READ-USRS TU13
2025-05-05 16:24:009 INFO  LogUtil:64 - READ-USRS TU14
2025-05-05 16:24:009 INFO  LogUtil:64 - READ-USRS TU15
2025-05-05 16:24:009 INFO  LogUtil:64 - SRCH-USRS TU1_UPD
2025-05-05 16:24:009 INFO  LogUtil:64 - SRCH-USRS TU3
2025-05-05 16:24:009 INFO  LogUtil:64 - SRCH-USRS TU4
2025-05-05 16:24:009 INFO  LogUtil:64 - SRCH-USRS TU5
2025-05-05 16:24:009 INFO  LogUtil:64 - SRCH-USRS TU8
2025-05-05 16:24:009 INFO  LogUtil:64 - SRCH-USRS TU9
2025-05-05 16:24:009 INFO  LogUtil:64 - SRCH-USRS TU10
2025-05-05 16:24:009 INFO  LogUtil:64 - SRCH-USRS TU11
2025-05-05 16:24:009 INFO  LogUtil:64 - SRCH-USRS TU12
2025-05-05 16:24:009 INFO  LogUtil:64 - SRCH-USRS TU13
2025-05-05 16:24:009 INFO  LogUtil:64 - SRCH-USRS TU14
2025-05-05 16:24:009 INFO  LogUtil:64 - SRCH-USRS TU15
2025-05-05 16:24:009 INFO  LogUtil:64 - SRCH-USRIDS TU1_UPD
2025-05-05 16:24:009 INFO  LogUtil:64 - SRCH-USRIDS TU3
2025-05-05 16:24:009 INFO  LogUtil:64 - SRCH-USRIDS TU4
2025-05-05 16:24:009 INFO  LogUtil:64 - ASGN-RLS TU1_UPD TR1
2025-05-05 16:24:009 INFO  LogUtil:64 - ASGN-RLS TU4 TR2
2025-05-05 16:24:009 INFO  LogUtil:64 - ASGN-RLS TU3 TR3
2025-05-05 16:24:009 INFO  LogUtil:64 - ASGN-RLS TU1_UPD TR1
2025-05-05 16:24:009 INFO  LogUtil:64 - ASGN-RLS TU4 TR2
2025-05-05 16:24:009 INFO  LogUtil:64 - ASGN-RLS TU3 TR3
2025-05-05 16:24:009 INFO  LogUtil:64 - AUTHZ-RLS TU18 TR6 DESC
2025-05-05 16:24:009 INFO  LogUtil:64 - AUTHZ-RLS TU19 TR7 ASC
2025-05-05 16:24:009 INFO  LogUtil:64 - ATHZ-USRS TR1 TU1_UPD
2025-05-05 16:24:010 INFO  LogUtil:64 - ATHZ-USRS TR2 TU4
2025-05-05 16:24:010 INFO  LogUtil:64 - ATHZ-USRS TR3 TU3
2025-05-05 16:24:010 INFO  LogUtil:64 - ATHZ-USRS TR1 TU1_UPD
2025-05-05 16:24:010 INFO  LogUtil:64 - ATHZ-USRS TR2 TU4
2025-05-05 16:24:010 INFO  LogUtil:64 - ATHZ-USRS TR3 TU3
2025-05-05 16:24:010 INFO  LogUtil:64 - ATHZ-USRS-HIER TR6 TU18
2025-05-05 16:24:010 INFO  LogUtil:64 - ATHZ-USRS-HIER TR7 TU19
2025-05-05 16:24:010 INFO  LogUtil:64 - RD-PRM-OBJS TOB1
2025-05-05 16:24:010 INFO  LogUtil:64 - RD-PRM-OBJS TOB2
2025-05-05 16:24:010 INFO  LogUtil:64 - RD-PRM-OBJS TOB3
2025-05-05 16:24:010 INFO  LogUtil:64 - RD-PRM-OBJS TOB4_UPD
2025-05-05 16:24:010 INFO  LogUtil:64 - FND-PRM-OBJS TOB1
2025-05-05 16:24:010 INFO  LogUtil:64 - FND-PRM-OBJS TOB2
2025-05-05 16:24:010 INFO  LogUtil:64 - FND-PRM-OBJS TOB3
2025-05-05 16:24:010 INFO  LogUtil:64 - FND-PRM-OBJS TOB4_UPD
2025-05-05 16:24:010 INFO  LogUtil:64 - RD-PRM-OPS TOB1 OPS_TOP1_UPD
2025-05-05 16:24:011 INFO  LogUtil:64 - RD-PRM-OPS TOB1 TOP2
2025-05-05 16:24:011 INFO  LogUtil:64 - RD-PRM-OPS TOB1 TOP3
2025-05-05 16:24:011 INFO  LogUtil:64 - FND-PRM-OPS TOB1 OPS_TOP1_UPD
2025-05-05 16:24:012 INFO  LogUtil:64 - FND-PRM-OPS TOB2 TOP2
2025-05-05 16:24:012 INFO  LogUtil:64 - FND-PRM-OPS TOB3 TOP3
2025-05-05 16:24:013 INFO  LogUtil:64 - ATHRZ-RLE-PRMS TR1 TOB1 TOP1_UPD
2025-05-05 16:24:013 INFO  LogUtil:64 - PRM-RLS TOB1 TOP1 TR1
2025-05-05 16:24:013 INFO  LogUtil:64 - AUTHZ PRM-RLES TOB6 TOP5 TR5B
2025-05-05 16:24:013 INFO  LogUtil:64 - PRM-USRS TOB1 TOP1 TU1_UPD
2025-05-05 16:24:013 INFO  LogUtil:64 - AUTHZ PRM-USRS TOB6 TOP5 TU20
2025-05-05 16:24:014 INFO  LogUtil:64 - USR-PRMS TU1_UPD TOB1 TOP1_UPD
2025-05-05 16:24:014 INFO  LogUtil:64 - USR-PRMS TU3 TOB3 TOP3
2025-05-05 16:24:014 INFO  LogUtil:64 - USR-PRMS TU4 TOB2 TOP2
2025-05-05 16:24:014 INFO  LogUtil:64 - SRCH-SSD T1
2025-05-05 16:24:014 INFO  LogUtil:64 - SRCH-SSD T4
2025-05-05 16:24:014 INFO  LogUtil:64 - SRCH-SSD T5
2025-05-05 16:24:014 INFO  LogUtil:64 - SRCH-SSD T6
2025-05-05 16:24:014 INFO  LogUtil:64 - SRCH-DSD T1
2025-05-05 16:24:014 INFO  LogUtil:64 - SRCH-DSD T4
2025-05-05 16:24:014 INFO  LogUtil:64 - SRCH-DSD T5
2025-05-05 16:24:014 INFO  LogUtil:64 - SRCH-DSD T6
2025-05-05 16:24:014 INFO  LogUtil:64 - RD-PA-SET TPASET1
2025-05-05 16:24:014 INFO  LogUtil:64 - RD-PA-SET TPASET2
2025-05-05 16:24:014 INFO  LogUtil:64 - RD-PASET-FROM-POP TOB_1 TOP_1
2025-05-05 16:24:014 INFO  LogUtil:64 - RD-URC TU1 TR1
2025-05-05 16:24:014 INFO  LogUtil:64 - SRCH-RCS TU1 TR1
2025-05-05 16:24:014 INFO  LogUtil:64 - CHCK-ACS TU1_UPD TO1 TOP1 
2025-05-05 16:24:015 INFO  LogUtil:64 - CAN-ASGN-USRS URA_T1 TU17A TU17U TR15
2025-05-05 16:24:016 INFO  LogUtil:64 - CAN-DEASGN-USRS URA_T1 TU17A TU17U TR15
2025-05-05 16:24:016 INFO  LogUtil:64 - CAN-GRNT-PRMS PRA_T1 TU17A TOB5 TR15
2025-05-05 16:24:017 INFO  LogUtil:64 - CAN-RVKE-PRMS PRA_T1 TU17A TOB5 TR15
2025-05-05 16:24:017 INFO  LogUtil:64 - GET-USRIDS TU1_UPD
2025-05-05 16:24:018 INFO  LogUtil:64 - GET-USRIDS TU3
2025-05-05 16:24:018 INFO  LogUtil:64 - GET-USRIDS TU4
2025-05-05 16:24:018 INFO  LogUtil:64 - GET-USRS TU1_UPD
2025-05-05 16:24:019 INFO  LogUtil:64 - GET-USRS TU3
2025-05-05 16:24:019 INFO  LogUtil:64 - GET-USRS TU4
2025-05-05 16:24:019 INFO  LogUtil:64 - CREATE-SESS TU1_UPD TR1
2025-05-05 16:24:020 INFO  LogUtil:64 - CREATE-SESS TU3 TR3
2025-05-05 16:24:021 INFO  LogUtil:64 - CREATE-SESS TU4 TR2
2025-05-05 16:24:021 INFO  LogUtil:64 - CR-SESS-TRST TU1_UPD TR1
2025-05-05 16:24:021 INFO  LogUtil:64 - CR-SESS-TRST TU3 TR3
2025-05-05 16:24:022 INFO  LogUtil:64 - CR-SESS-TRST TU4 TR2
2025-05-05 16:24:022 INFO  LogUtil:64 - CREATE-SESS-HIER TU18 TR6 DESC
2025-05-05 16:24:022 INFO  LogUtil:64 - CREATE-SESS-HIER TU19U TR7 ASC
2025-05-05 16:24:023 INFO  LogUtil:64 - CR-SESS-DSD TU12 DSD_T1
2025-05-05 16:24:023 WARN  DSDChecker:130 - validate userId [jtsTU12User1] failed activation of assignedRole [oamDSDR2] validates DSD Set Name:oamDsdTest1 Cardinality:2
2025-05-05 16:24:023 WARN  DSDChecker:130 - validate userId [jtsTU12User1] failed activation of assignedRole [oamDSDR3] validates DSD Set Name:oamDsdTest1 Cardinality:2
2025-05-05 16:24:023 WARN  DSDChecker:130 - validate userId [jtsTU12User2] failed activation of assignedRole [oamDSDR5] validates DSD Set Name:oamDsdTest2 Cardinality:2
2025-05-05 16:24:023 WARN  DSDChecker:130 - validate userId [jtsTU12User2] failed activation of assignedRole [oamDSDR6] validates DSD Set Name:oamDsdTest2 Cardinality:2
2025-05-05 16:24:023 WARN  DSDChecker:130 - validate userId [jtsTU12User3] failed activation of assignedRole [oamDSDR8] validates DSD Set Name:oamDsdTest3 Cardinality:3
2025-05-05 16:24:023 WARN  DSDChecker:130 - validate userId [jtsTU12User3] failed activation of assignedRole [oamDSDR9] validates DSD Set Name:oamDsdTest3 Cardinality:3
2025-05-05 16:24:023 WARN  DSDChecker:130 - validate userId [jtsTU12User4] failed activation of assignedRole [oamDSDR14] validates DSD Set Name:oamDsdTest4 Cardinality:9
2025-05-05 16:24:023 WARN  DSDChecker:130 - validate userId [jtsTU12User4] failed activation of assignedRole [oamDSDR13] validates DSD Set Name:oamDsdTest4 Cardinality:9
2025-05-05 16:24:023 INFO  LogUtil:64 - CR-SESS-DSD TU13 DSD_T4_B
2025-05-05 16:24:023 WARN  DSDChecker:158 - validate userId [jtsTU13User1] assignedRole [oamT11DSD8] parentRole [OAMT11DSD7] validates DSD Set Name:oamT4Dsd1 Cardinality:4
2025-05-05 16:24:023 INFO  LogUtil:64 - CR-SESS-DSD TU14 DSD_T5_B
2025-05-05 16:24:023 WARN  DSDChecker:130 - validate userId [jtsTU14User1] failed activation of assignedRole [oamT12DSD3] validates DSD Set Name:oamT5Dsd1 Cardinality:3
2025-05-05 16:24:023 WARN  DSDChecker:130 - validate userId [jtsTU14User2] failed activation of assignedRole [oamT12DSD3] validates DSD Set Name:oamT5Dsd1 Cardinality:3
2025-05-05 16:24:023 INFO  LogUtil:64 - CR-SESS-DSD TU15 DSD_T6_C
2025-05-05 16:24:023 WARN  DSDChecker:130 - validate userId [jtsTU15User3] failed activation of assignedRole [oamT13DSD1] validates DSD Set Name:oamT6Dsd1 Cardinality:2
2025-05-05 16:24:023 INFO  LogUtil:64 - CR-SESS-DSD TU21 DSD_T8_BRUNO
2025-05-05 16:24:023 WARN  DSDChecker:130 - validate userId [jtsTU21User1] failed activation of assignedRole [oamT17DSD1] validates DSD Set Name:oamT8Dsd3 Cardinality:2
2025-05-05 16:24:023 INFO  LogUtil:64 - CR-SESS-DSD TU12 DSD_T1
2025-05-05 16:24:023 WARN  DSDChecker:130 - validate userId [jtsTU12User1] failed activation of assignedRole [oamDSDR2] validates DSD Set Name:oamDsdTest1 Cardinality:2
2025-05-05 16:24:023 WARN  DSDChecker:130 - validate userId [jtsTU12User1] failed activation of assignedRole [oamDSDR3] validates DSD Set Name:oamDsdTest1 Cardinality:2
2025-05-05 16:24:023 WARN  DSDChecker:130 - validate userId [jtsTU12User2] failed activation of assignedRole [oamDSDR5] validates DSD Set Name:oamDsdTest2 Cardinality:2
2025-05-05 16:24:023 WARN  DSDChecker:130 - validate userId [jtsTU12User2] failed activation of assignedRole [oamDSDR6] validates DSD Set Name:oamDsdTest2 Cardinality:2
2025-05-05 16:24:023 WARN  DSDChecker:130 - validate userId [jtsTU12User3] failed activation of assignedRole [oamDSDR8] validates DSD Set Name:oamDsdTest3 Cardinality:3
2025-05-05 16:24:023 WARN  DSDChecker:130 - validate userId [jtsTU12User3] failed activation of assignedRole [oamDSDR9] validates DSD Set Name:oamDsdTest3 Cardinality:3
2025-05-05 16:24:023 WARN  DSDChecker:130 - validate userId [jtsTU12User4] failed activation of assignedRole [oamDSDR14] validates DSD Set Name:oamDsdTest4 Cardinality:9
2025-05-05 16:24:023 WARN  DSDChecker:130 - validate userId [jtsTU12User4] failed activation of assignedRole [oamDSDR13] validates DSD Set Name:oamDsdTest4 Cardinality:9
2025-05-05 16:24:023 INFO  LogUtil:64 - CR-SESS-DSD TU13 DSD_T4_B
2025-05-05 16:24:023 WARN  DSDChecker:158 - validate userId [jtsTU13User1] assignedRole [oamT11DSD8] parentRole [OAMT11DSD7] validates DSD Set Name:oamT4Dsd1 Cardinality:4
2025-05-05 16:24:023 INFO  LogUtil:64 - CR-SESS-DSD TU14 DSD_T5_B
2025-05-05 16:24:023 WARN  DSDChecker:130 - validate userId [jtsTU14User1] failed activation of assignedRole [oamT12DSD3] validates DSD Set Name:oamT5Dsd1 Cardinality:3
2025-05-05 16:24:023 WARN  DSDChecker:130 - validate userId [jtsTU14User2] failed activation of assignedRole [oamT12DSD3] validates DSD Set Name:oamT5Dsd1 Cardinality:3
2025-05-05 16:24:023 INFO  LogUtil:64 - CR-SESS-DSD TU15 DSD_T6_C
2025-05-05 16:24:023 WARN  DSDChecker:130 - validate userId [jtsTU15User3] failed activation of assignedRole [oamT13DSD1] validates DSD Set Name:oamT6Dsd1 Cardinality:2
2025-05-05 16:24:023 INFO  LogUtil:64 - CR-SESS-DSD TU21 DSD_T8_BRUNO
2025-05-05 16:24:023 WARN  DSDChecker:130 - validate userId [jtsTU21User1] failed activation of assignedRole [oamT17DSD1] validates DSD Set Name:oamT8Dsd3 Cardinality:2
2025-05-05 16:24:023 INFO  LogUtil:64 - SESS-RLS TU1_UPD TR1
2025-05-05 16:24:024 INFO  LogUtil:64 - SESS-RLS TU3 TR3
2025-05-05 16:24:024 INFO  LogUtil:64 - SESS-RLS TU4 TR2
2025-05-05 16:24:025 INFO  LogUtil:64 - CHCK-ACS TU1_UPD TO1 TOP1 
2025-05-05 16:24:027 INFO  LogUtil:64 - CHCK-ACS TU3 TO3 TOP1 
2025-05-05 16:24:029 INFO  LogUtil:64 - CHCK-ACS TU4 TO4 TOP1 
2025-05-05 16:24:032 INFO  LogUtil:64 - ADD-ACT-RLS TU1_UPD TR1 bad:TR2
2025-05-05 16:24:033 INFO  LogUtil:64 - ADD-ACT-RLS TU3 TR3 bad:TR1:
2025-05-05 16:24:034 INFO  LogUtil:64 - ADD-ACT-RLS TU4 TR2 bad:TR1
2025-05-05 16:24:034 INFO  LogUtil:64 - ADD-ACT-RLS-USRS_DSDT1 TU8 DSD_T1
2025-05-05 16:24:034 INFO  LogUtil:64 - ADD-ACT-RLS-USRS_DSDT4B TU9 DSD_T4_B
2025-05-05 16:24:035 INFO  LogUtil:64 - ADD-ACT-RLS-USRS_DSDT5B TU10 DSD_T5_B
2025-05-05 16:24:035 INFO  LogUtil:64 - ADD-ACT-RLS-USRS_DSDT6B TU11 DSD_T6_B
2025-05-05 16:24:035 INFO  LogUtil:64 - DRP-ACT-RLS TU1_UPD TR1 bad:TR2
2025-05-05 16:24:035 INFO  LogUtil:64 - DRP-ACT-RLS TU3 TR3 bad:TR1
2025-05-05 16:24:035 INFO  LogUtil:64 - DRP-ACT-RLS TU4 TR2 bad:TR1
2025-05-05 16:24:036 INFO  LogUtil:64 - SESS-PRMS TU1_UPD TO1 TOP1 
2025-05-05 16:24:036 INFO  LogUtil:64 - SESS-PRMS_H USERS_TU7_HIER OBJS_TOB4 OPS_TOP4 
2025-05-05 16:24:038 INFO  LogUtil:64 - CR-SESS-WRLS TU1_UPD TR1
2025-05-05 16:24:041 INFO  LogUtil:64 - CR-SESS-WRLS TU3 TR3
2025-05-05 16:24:043 INFO  LogUtil:64 - CR-SESS-WRLS TU4 TR2
2025-05-05 16:24:045 INFO  LogUtil:64 - CR-SESS-WRLS-TRST TU1_UPD TR1
2025-05-05 16:24:047 INFO  LogUtil:64 - CR-SESS-WRLS-TRST TU3 TR3
2025-05-05 16:24:049 INFO  LogUtil:64 - CR-SESS-WRLS-TRST TU4 TR2
