# Generated by Apache Directory Studio on October 6, 2016 11:58:17 AM
#
#   Licensed to the Apache Software Foundation (ASF) under one
#   or more contributor license agreements.  See the NOTICE file
#   distributed with this work for additional information
#   regarding copyright ownership.  The ASF licenses this file
#   to you under the Apache License, Version 2.0 (the
#   "License"); you may not use this file except in compliance
#   with the License.  You may obtain a copy of the License at
#
#     http://www.apache.org/licenses/LICENSE-2.0
#
#   Unless required by applicable law or agreed to in writing,
#   software distributed under the License is distributed on an
#   "AS IS" BASIS, WITHOUT WARRANTIES OR CONDITIONS OF ANY
#   KIND, either express or implied.  See the License for the
#   specific language governing permissions and limitations
#   under the License.
#

# SCHEMA "FORTRESS" v2.0.3-RC1-SNAPSHOT
#!RESULT ERROR
#!CONNECTION ldap://localhost:10389
#!DATE 2025-05-05T15:54:26.571
#!ERROR ENTRY_ALREADY_EXISTS: failed for MessageType : ADD_REQUEST Message ID : 11     Add Request : Entry     dn: cn=fortress, ou=schema     objectclass: metaSchema     objectclass: top     m-dependencies: system     m-dependencies: core     cn: fortress : ERR_250_ENTRY_ALREADY_EXISTS cn=fortress, ou=schema already exists!
dn: cn=fortress, ou=schema
objectclass: metaSchema
objectclass: top
cn: fortress
m-dependencies: system
m-dependencies: core

