14-May-2025 19:00:15.724 INFO [main] org.apache.catalina.core.ApplicationContext.log No Spring WebApplicationInitializer types detected on classpath
14-May-2025 19:00:15.741 INFO [main] org.apache.catalina.core.ApplicationContext.log Initializing Spring root WebApplicationContext
14-May-2025 19:00:21.839 INFO [main] org.apache.catalina.core.ApplicationContext.log No Spring WebApplicationInitializer types detected on classpath
14-May-2025 19:00:21.852 INFO [main] org.apache.catalina.core.ApplicationContext.log Initializing Spring root WebApplicationContext
14-May-2025 19:00:22.993 INFO [main] org.apache.catalina.core.ApplicationContext.log ContextListener: contextInitialized()
14-May-2025 19:00:22.993 INFO [main] org.apache.catalina.core.ApplicationContext.log SessionListener: contextInitialized()
14-May-2025 19:00:22.995 INFO [main] org.apache.catalina.core.ApplicationContext.log ContextListener: attributeAdded('StockTicker', 'async.Stockticker@25a935e1')
14-May-2025 19:03:03.109 INFO [Thread-6] org.apache.catalina.core.ApplicationContext.log Closing Spring root WebApplicationContext
14-May-2025 19:03:03.156 INFO [Thread-6] org.apache.catalina.core.ApplicationContext.log SessionListener: contextDestroyed()
14-May-2025 19:03:03.156 INFO [Thread-6] org.apache.catalina.core.ApplicationContext.log ContextListener: contextDestroyed()
14-May-2025 19:03:03.236 INFO [Thread-6] org.apache.catalina.core.ApplicationContext.log Closing Spring root WebApplicationContext
14-May-2025 19:06:59.625 INFO [main] org.apache.catalina.core.ApplicationContext.log No Spring WebApplicationInitializer types detected on classpath
14-May-2025 19:06:59.669 INFO [main] org.apache.catalina.core.ApplicationContext.log Initializing Spring root WebApplicationContext
14-May-2025 19:07:10.774 INFO [main] org.apache.catalina.core.ApplicationContext.log No Spring WebApplicationInitializer types detected on classpath
14-May-2025 19:07:10.806 INFO [main] org.apache.catalina.core.ApplicationContext.log Initializing Spring root WebApplicationContext
14-May-2025 19:07:13.575 INFO [main] org.apache.catalina.core.ApplicationContext.log ContextListener: contextInitialized()
14-May-2025 19:07:13.575 INFO [main] org.apache.catalina.core.ApplicationContext.log SessionListener: contextInitialized()
14-May-2025 19:07:13.591 INFO [main] org.apache.catalina.core.ApplicationContext.log ContextListener: attributeAdded('StockTicker', 'async.Stockticker@411fde6a')
14-May-2025 19:43:24.160 INFO [Thread-6] org.apache.catalina.core.ApplicationContext.log Closing Spring root WebApplicationContext
14-May-2025 19:43:24.212 INFO [Thread-6] org.apache.catalina.core.ApplicationContext.log SessionListener: contextDestroyed()
14-May-2025 19:43:24.213 INFO [Thread-6] org.apache.catalina.core.ApplicationContext.log ContextListener: contextDestroyed()
14-May-2025 19:43:24.334 INFO [Thread-6] org.apache.catalina.core.ApplicationContext.log Closing Spring root WebApplicationContext
14-May-2025 19:48:04.554 INFO [main] org.apache.catalina.core.ApplicationContext.log No Spring WebApplicationInitializer types detected on classpath
14-May-2025 19:48:04.576 INFO [main] org.apache.catalina.core.ApplicationContext.log Initializing Spring root WebApplicationContext
14-May-2025 19:48:15.200 INFO [main] org.apache.catalina.core.ApplicationContext.log No Spring WebApplicationInitializer types detected on classpath
14-May-2025 19:48:15.245 INFO [main] org.apache.catalina.core.ApplicationContext.log Initializing Spring root WebApplicationContext
14-May-2025 19:48:19.041 INFO [main] org.apache.catalina.core.ApplicationContext.log ContextListener: contextInitialized()
14-May-2025 19:48:19.041 INFO [main] org.apache.catalina.core.ApplicationContext.log SessionListener: contextInitialized()
14-May-2025 19:48:19.041 INFO [main] org.apache.catalina.core.ApplicationContext.log ContextListener: attributeAdded('StockTicker', 'async.Stockticker@2f5200f2')
14-May-2025 20:56:02.083 INFO [Thread-6] org.apache.catalina.core.ApplicationContext.log Closing Spring root WebApplicationContext
14-May-2025 20:56:02.168 INFO [Thread-6] org.apache.catalina.core.ApplicationContext.log SessionListener: contextDestroyed()
14-May-2025 20:56:02.172 INFO [Thread-6] org.apache.catalina.core.ApplicationContext.log ContextListener: contextDestroyed()
14-May-2025 20:56:02.377 INFO [Thread-6] org.apache.catalina.core.ApplicationContext.log Closing Spring root WebApplicationContext
14-May-2025 20:56:15.824 INFO [main] org.apache.catalina.core.ApplicationContext.log No Spring WebApplicationInitializer types detected on classpath
14-May-2025 20:56:15.863 INFO [main] org.apache.catalina.core.ApplicationContext.log Initializing Spring root WebApplicationContext
14-May-2025 20:56:36.163 INFO [main] org.apache.catalina.core.ApplicationContext.log No Spring WebApplicationInitializer types detected on classpath
14-May-2025 20:56:36.210 INFO [main] org.apache.catalina.core.ApplicationContext.log Initializing Spring root WebApplicationContext
14-May-2025 20:56:41.300 INFO [main] org.apache.catalina.core.ApplicationContext.log ContextListener: contextInitialized()
14-May-2025 20:56:41.300 INFO [main] org.apache.catalina.core.ApplicationContext.log SessionListener: contextInitialized()
14-May-2025 20:56:41.305 INFO [main] org.apache.catalina.core.ApplicationContext.log ContextListener: attributeAdded('StockTicker', 'async.Stockticker@411fde6a')
