10-May-2025 13:53:55.738 INFO [main] org.apache.catalina.core.ApplicationContext.log ContextListener: contextInitialized()
10-May-2025 13:53:55.738 INFO [main] org.apache.catalina.core.ApplicationContext.log SessionListener: contextInitialized()
10-May-2025 13:53:55.738 INFO [main] org.apache.catalina.core.ApplicationContext.log ContextListener: attributeAdded('StockTicker', 'async.Stockticker@49872d67')
10-May-2025 17:18:08.547 INFO [Thread-2] org.apache.catalina.core.ApplicationContext.log SessionListener: contextDestroyed()
10-May-2025 17:18:08.547 INFO [Thread-2] org.apache.catalina.core.ApplicationContext.log ContextListener: contextDestroyed()
10-May-2025 17:18:12.461 INFO [main] org.apache.catalina.core.ApplicationContext.log ContextListener: contextInitialized()
10-May-2025 17:18:12.461 INFO [main] org.apache.catalina.core.ApplicationContext.log SessionListener: contextInitialized()
10-May-2025 17:18:12.461 INFO [main] org.apache.catalina.core.ApplicationContext.log ContextListener: attributeAdded('StockTicker', 'async.Stockticker@49872d67')
10-May-2025 17:43:25.638 INFO [http-nio-8080-exec-1] org.apache.catalina.core.ApplicationContext.log No Spring WebApplicationInitializer types detected on classpath
10-May-2025 17:43:25.662 INFO [http-nio-8080-exec-1] org.apache.catalina.core.ApplicationContext.log Initializing Spring root WebApplicationContext
10-May-2025 17:58:43.749 INFO [http-nio-8080-exec-10] org.apache.catalina.core.ApplicationContext.log No Spring WebApplicationInitializer types detected on classpath
10-May-2025 17:58:43.765 INFO [http-nio-8080-exec-10] org.apache.catalina.core.ApplicationContext.log Initializing Spring root WebApplicationContext
10-May-2025 17:59:14.444 INFO [Thread-2] org.apache.catalina.core.ApplicationContext.log Closing Spring root WebApplicationContext
10-May-2025 17:59:14.476 INFO [Thread-2] org.apache.catalina.core.ApplicationContext.log SessionListener: contextDestroyed()
10-May-2025 17:59:14.476 INFO [Thread-2] org.apache.catalina.core.ApplicationContext.log ContextListener: contextDestroyed()
10-May-2025 17:59:15.675 INFO [Thread-2] org.apache.catalina.core.ApplicationContext.log Closing Spring root WebApplicationContext
10-May-2025 17:59:24.178 INFO [main] org.apache.catalina.core.ApplicationContext.log No Spring WebApplicationInitializer types detected on classpath
10-May-2025 17:59:24.195 INFO [main] org.apache.catalina.core.ApplicationContext.log Initializing Spring root WebApplicationContext
10-May-2025 17:59:29.697 INFO [main] org.apache.catalina.core.ApplicationContext.log No Spring WebApplicationInitializer types detected on classpath
10-May-2025 17:59:29.715 INFO [main] org.apache.catalina.core.ApplicationContext.log Initializing Spring root WebApplicationContext
10-May-2025 17:59:31.203 INFO [main] org.apache.catalina.core.ApplicationContext.log ContextListener: contextInitialized()
10-May-2025 17:59:31.203 INFO [main] org.apache.catalina.core.ApplicationContext.log SessionListener: contextInitialized()
10-May-2025 17:59:31.203 INFO [main] org.apache.catalina.core.ApplicationContext.log ContextListener: attributeAdded('StockTicker', 'async.Stockticker@39eaaf01')
