12-May-2025 09:01:30.192 INFO [main] org.apache.catalina.core.ApplicationContext.log No Spring WebApplicationInitializer types detected on classpath
12-May-2025 09:01:30.211 INFO [main] org.apache.catalina.core.ApplicationContext.log Initializing Spring root WebApplicationContext
12-May-2025 09:01:36.629 INFO [main] org.apache.catalina.core.ApplicationContext.log No Spring WebApplicationInitializer types detected on classpath
12-May-2025 09:01:36.641 INFO [main] org.apache.catalina.core.ApplicationContext.log Initializing Spring root WebApplicationContext
12-May-2025 09:01:39.459 INFO [main] org.apache.catalina.core.ApplicationContext.log ContextListener: contextInitialized()
12-May-2025 09:01:39.459 INFO [main] org.apache.catalina.core.ApplicationContext.log SessionListener: contextInitialized()
12-May-2025 09:01:39.459 INFO [main] org.apache.catalina.core.ApplicationContext.log ContextListener: attributeAdded('StockTicker', 'async.Stockticker@439af6d8')
12-May-2025 12:42:46.636 INFO [main] org.apache.catalina.core.ApplicationContext.log No Spring WebApplicationInitializer types detected on classpath
12-May-2025 12:42:46.653 INFO [main] org.apache.catalina.core.ApplicationContext.log Initializing Spring root WebApplicationContext
12-May-2025 12:42:51.524 INFO [main] org.apache.catalina.core.ApplicationContext.log No Spring WebApplicationInitializer types detected on classpath
12-May-2025 12:42:51.529 INFO [main] org.apache.catalina.core.ApplicationContext.log Initializing Spring root WebApplicationContext
12-May-2025 12:42:52.795 INFO [main] org.apache.catalina.core.ApplicationContext.log ContextListener: contextInitialized()
12-May-2025 12:42:52.795 INFO [main] org.apache.catalina.core.ApplicationContext.log SessionListener: contextInitialized()
12-May-2025 12:42:52.795 INFO [main] org.apache.catalina.core.ApplicationContext.log ContextListener: attributeAdded('StockTicker', 'async.Stockticker@503e7f43')
12-May-2025 12:44:27.971 INFO [Thread-6] org.apache.catalina.core.ApplicationContext.log Closing Spring root WebApplicationContext
12-May-2025 12:44:28.018 INFO [Thread-6] org.apache.catalina.core.ApplicationContext.log SessionListener: contextDestroyed()
12-May-2025 12:44:28.018 INFO [Thread-6] org.apache.catalina.core.ApplicationContext.log ContextListener: contextDestroyed()
12-May-2025 12:44:28.102 INFO [Thread-6] org.apache.catalina.core.ApplicationContext.log Closing Spring root WebApplicationContext
12-May-2025 12:44:48.936 INFO [main] org.apache.catalina.core.ApplicationContext.log No Spring WebApplicationInitializer types detected on classpath
12-May-2025 12:44:48.952 INFO [main] org.apache.catalina.core.ApplicationContext.log Initializing Spring root WebApplicationContext
12-May-2025 12:44:53.740 INFO [main] org.apache.catalina.core.ApplicationContext.log No Spring WebApplicationInitializer types detected on classpath
12-May-2025 12:44:53.759 INFO [main] org.apache.catalina.core.ApplicationContext.log Initializing Spring root WebApplicationContext
12-May-2025 12:44:55.241 INFO [main] org.apache.catalina.core.ApplicationContext.log ContextListener: contextInitialized()
12-May-2025 12:44:55.241 INFO [main] org.apache.catalina.core.ApplicationContext.log SessionListener: contextInitialized()
12-May-2025 12:44:55.250 INFO [main] org.apache.catalina.core.ApplicationContext.log ContextListener: attributeAdded('StockTicker', 'async.Stockticker@46c8e209')
12-May-2025 12:45:34.216 INFO [Thread-6] org.apache.catalina.core.ApplicationContext.log Closing Spring root WebApplicationContext
12-May-2025 12:45:34.254 INFO [Thread-6] org.apache.catalina.core.ApplicationContext.log SessionListener: contextDestroyed()
12-May-2025 12:45:34.254 INFO [Thread-6] org.apache.catalina.core.ApplicationContext.log ContextListener: contextDestroyed()
12-May-2025 12:45:34.345 INFO [Thread-6] org.apache.catalina.core.ApplicationContext.log Closing Spring root WebApplicationContext
12-May-2025 12:45:40.931 INFO [main] org.apache.catalina.core.ApplicationContext.log No Spring WebApplicationInitializer types detected on classpath
12-May-2025 12:45:40.949 INFO [main] org.apache.catalina.core.ApplicationContext.log Initializing Spring root WebApplicationContext
12-May-2025 12:45:45.403 INFO [main] org.apache.catalina.core.ApplicationContext.log No Spring WebApplicationInitializer types detected on classpath
12-May-2025 12:45:45.419 INFO [main] org.apache.catalina.core.ApplicationContext.log Initializing Spring root WebApplicationContext
12-May-2025 12:45:46.596 INFO [main] org.apache.catalina.core.ApplicationContext.log ContextListener: contextInitialized()
12-May-2025 12:45:46.596 INFO [main] org.apache.catalina.core.ApplicationContext.log SessionListener: contextInitialized()
12-May-2025 12:45:46.596 INFO [main] org.apache.catalina.core.ApplicationContext.log ContextListener: attributeAdded('StockTicker', 'async.Stockticker@39eaaf01')
12-May-2025 12:46:05.962 INFO [Thread-6] org.apache.catalina.core.ApplicationContext.log Closing Spring root WebApplicationContext
12-May-2025 12:46:05.995 INFO [Thread-6] org.apache.catalina.core.ApplicationContext.log SessionListener: contextDestroyed()
12-May-2025 12:46:05.995 INFO [Thread-6] org.apache.catalina.core.ApplicationContext.log ContextListener: contextDestroyed()
12-May-2025 12:46:06.074 INFO [Thread-6] org.apache.catalina.core.ApplicationContext.log Closing Spring root WebApplicationContext
12-May-2025 12:46:21.647 INFO [main] org.apache.catalina.core.ApplicationContext.log No Spring WebApplicationInitializer types detected on classpath
12-May-2025 12:46:21.659 INFO [main] org.apache.catalina.core.ApplicationContext.log Initializing Spring root WebApplicationContext
12-May-2025 12:46:26.116 INFO [main] org.apache.catalina.core.ApplicationContext.log No Spring WebApplicationInitializer types detected on classpath
12-May-2025 12:46:26.140 INFO [main] org.apache.catalina.core.ApplicationContext.log Initializing Spring root WebApplicationContext
12-May-2025 12:46:27.200 INFO [main] org.apache.catalina.core.ApplicationContext.log ContextListener: contextInitialized()
12-May-2025 12:46:27.200 INFO [main] org.apache.catalina.core.ApplicationContext.log SessionListener: contextInitialized()
12-May-2025 12:46:27.200 INFO [main] org.apache.catalina.core.ApplicationContext.log ContextListener: attributeAdded('StockTicker', 'async.Stockticker@39eaaf01')
12-May-2025 12:50:13.539 INFO [main] org.apache.catalina.core.ApplicationContext.log No Spring WebApplicationInitializer types detected on classpath
12-May-2025 12:50:13.555 INFO [main] org.apache.catalina.core.ApplicationContext.log Initializing Spring root WebApplicationContext
12-May-2025 12:50:21.104 INFO [main] org.apache.catalina.core.ApplicationContext.log No Spring WebApplicationInitializer types detected on classpath
12-May-2025 12:50:21.104 INFO [main] org.apache.catalina.core.ApplicationContext.log Initializing Spring root WebApplicationContext
12-May-2025 12:50:23.394 INFO [main] org.apache.catalina.core.ApplicationContext.log ContextListener: contextInitialized()
12-May-2025 12:50:23.394 INFO [main] org.apache.catalina.core.ApplicationContext.log SessionListener: contextInitialized()
12-May-2025 12:50:23.394 INFO [main] org.apache.catalina.core.ApplicationContext.log ContextListener: attributeAdded('StockTicker', 'async.Stockticker@439af6d8')
